      Timing level               3
      Hessian Limited Memory
      LU Partial Pivoting
      Verify Level              -1
      Cold Start
      Iteration Limit         1000000
      Major Iterations Limit          100000
      Minor Iterations Limit          100000
      Major Optimality Tolerance  1.00000000E-06
      Major Feasibility Tolerance  2.00000000E-06
1
 
 Parameters
 ==========

 Files
 -----
 Solution file..........         0       Old basis file ........         0       Standard input.........         5
 Insert file............         0       New basis file ........         0       (Printer)..............         9
 Punch file.............         0       Backup basis file......         0       (Specs file)...........         0
 Load file..............         0       Dump file..............         0       Standard output........         6

 Frequencies
 -----------
 Print frequency........       100       Check frequency........        60       Save new basis map.....       100
 Summary frequency......       100       Factorization frequency        50       Expand frequency.......     10000

 QP subproblems
 --------------
 QPsolver Cholesky......
 Scale tolerance........      .900       Minor feasibility tol..  1.00E-06       Iteration limit........   1000000
 Scale option...........         0       Minor optimality  tol..  5.00E-07       Minor print level......         1
 Crash tolerance........      .100       Pivot tolerance........  3.25E-11       Partial price..........         1
 Crash option...........         3       Elastic weight.........  1.00E+04       Prtl price section ( A)       293
                                         New superbasics........        99       Prtl price section (-I)       218

 The SQP Method
 --------------
 Minimize...............                 Cold start.............                 Proximal Point method..         1
 Nonlinear objectiv vars       293       Objective Row..........         1       Function precision.....  3.00E-13
 Unbounded step size....  1.00E+20       Superbasics limit......       293       Difference interval....  5.48E-07
 Unbounded objective....  1.00E+15       Reduced Hessian dim....       293       Central difference int.  6.70E-05
 Major step limit.......  2.00E+00       Derivative linesearch..                 Derivative option......         1
 Major iterations limit.    100000       Linesearch tolerance...    .90000       Verify level...........        -1
 Minor iterations limit.    100000       Penalty parameter......  0.00E+00       Major Print Level......         1
                                         Major optimality tol...  1.00E-06

 Hessian Approximation
 ---------------------
 Limited-Memory Hessian.                 Hessian updates........        10       Hessian frequency......  99999999
                                                                                 Hessian flush..........  99999999

 Nonlinear constraints
 ---------------------
 Nonlinear constraints..       216       Major feasibility tol..  2.00E-06       Violation limit........  1.00E+06
 Nonlinear Jacobian vars       293

 Miscellaneous
 -------------
 LU factor tolerance....      3.99       LU singularity tol.....  3.25E-11       Timing level...........         3
 LU update tolerance....      3.99       LU swap tolerance......  1.22E-04       Debug level............         0
 LU partial  pivoting...                 eps (machine precision)  2.22E-16       System information.....        No
                                                                                 Sticky parameters......       Yes
1
 

 

 Matrix statistics
 -----------------
               Total      Normal        Free       Fixed     Bounded
 Rows            218           1           1         216           0
 Columns         293           0           0           6         287

 No. of matrix elements                 3026     Density       4.737
 Biggest  constant element        1.0000E+00  (excluding fixed columns,
 Smallest constant element        1.0000E+00   free rows, and RHS)

 No. of objective coefficients             0

 Nonlinear constraints     216     Linear constraints       2
 Nonlinear variables       293     Linear variables         0
 Jacobian  variables       293     Objective variables    293
 Total constraints         218     Total variables        293
1
 

 
 The user has defined    2453   out of    2453   first  derivatives
1
 

    Itn       QPmult  QPstep   nInf   SumInf   rgNorm    QPobjective   +SBS   -SBS    -BS    Pivot     L+U ncp    nS  condHz
    100     -3.6E-02 1.0E+00                  2.4E-15  4.0379239E+00    102                           1894        14 3.8E+03
 

   Itns Major Minors    Step   nCon Feasible  Optimal  MeritFunction     L+U BSwap     nS  condHz Penalty
    142     0    142              1  1.6E-03  4.9E-04  4.0379272E+00    1894           54 2.2E+06         _  r
    143     1      1 1.0E+00      2  1.6E-05  3.9E-04  4.0378046E+00    1613    42     54 1.7E+00 3.0E-02 _n r
    146     2      3 1.0E+00      3 (4.9E-09) 2.4E-04  4.0378022E+00    1627           52 5.5E+00 3.0E-02 _s
    147     3      1 1.0E+00      4  7.0E-06  6.2E-05  4.0377476E+00    1605           52 5.1E+00 3.0E-02 _
    148     4      1 1.0E+00      5  2.2E-06  1.9E-04  4.0377440E+00    1605           52 3.7E+00 3.0E-02 _
    149     5      1 1.0E+00      6  4.0E-06  2.1E-04  4.0377416E+00    1605           52 3.5E+00 3.0E-02 _
    150     6      1 1.0E+00      7  2.9E-06  1.1E-04  4.0377404E+00    1605           52 3.8E+00 3.0E-02 _
    151     7      1 1.0E+00      8 (3.1E-07) 1.6E-04  4.0377400E+00    1607     1     52 7.8E+00 3.0E-02 _
    152     8      1 1.0E+00      9 (7.9E-08) 5.9E-04  4.0377397E+00    1607           52 7.8E+00 3.0E-02 _
    156     9      4 1.0E+00     10 (1.9E-07) 1.4E-03  4.0377392E+00    1619           52 7.1E+09 3.0E-02 _
    157    10      1 1.5E-01     12 (1.7E-07) 5.0E-04  4.0377408E+00    1615           52 6.5E+09 1.1E+05 _
    158    11      1 2.6E-01     14 (1.2E-07) 4.7E-04  4.0377408E+00    1615           52 6.3E+09 1.1E+05 _
    159    12      1 9.4E-02     17 (1.2E-07) 3.6E-05  4.0377409E+00    1615           52 7.1E+09 1.3E+05 _  R
    161    13      2 7.2E-02     20 (1.1E-07) 1.5E-04  4.0377411E+00    1615           52 7.5E+09 1.5E+05 _s
    163    14      2 8.4E-02     23 (1.1E-07) 1.3E-04  4.0377410E+00    1615           52 7.4E+09 1.5E+05 _
    165    15      2 7.5E-02     26 (1.0E-07) 1.1E-04  4.0377410E+00    1615           52 7.4E+09 1.6E+05 _
    166    16      1 6.7E-02     29 (9.8E-08) 9.1E-05  4.0377410E+00    1598     1     52 6.8E+00 1.6E+05 _
    167    17      1 6.2E-02     32 (9.4E-08) 6.8E-05  4.0377410E+00    1598           52 6.7E+00 1.7E+05 _
    168    18      1 6.0E-02     35 (9.0E-08) 4.4E-05  4.0377411E+00    1598           52 6.7E+00 1.8E+05 _
    169    19      1 5.8E-02     38 (8.6E-08) 2.0E-05  4.0377411E+00    1598           52 6.6E+00 1.9E+05 _

   Itns Major Minors    Step   nCon Feasible  Optimal  MeritFunction     L+U BSwap     nS  condHz Penalty
    170    20      1 5.7E-02     41 (8.2E-08) 1.8E-05  4.0377411E+00    1598           52 6.6E+00 2.0E+05 _
    171    21      1 5.5E-02     44 (7.8E-08) 4.4E-05  4.0377411E+00    1598           52 6.5E+00 2.1E+05 _
    172    22      1 5.4E-02     47 (7.4E-08) 8.0E-05  4.0377411E+00    1598           52 6.5E+00 2.2E+05 _
    173    23      1 5.3E-02     50 (7.1E-08) 1.4E-04  4.0377411E+00    1598           52 6.5E+00 2.3E+05 _  R
    174    24      1 7.1E-02     52 (6.6E-08) 1.3E-04  4.0377412E+00    1598           52 6.3E+00 2.8E+05 _s
    175    25      1 5.2E-02     55 (6.3E-08) 1.0E-04  4.0377412E+00    1598           52 6.1E+00 2.8E+05 _
    176    26      1 4.9E-02     58 (6.1E-08) 5.7E-05  4.0377412E+00    1598           52 6.0E+00 2.9E+05 _
    177    27      1 4.9E-02     61 (5.8E-08) 1.4E-05  4.0377412E+00    1598           52 5.9E+00 2.9E+05 _
    178    28      1 4.9E-02     64 (5.6E-08) 6.5E-05  4.0377412E+00    1598           52 5.8E+00 3.0E+05 _
    179    29      1 5.0E-02     67 (5.3E-08) 1.4E-04  4.0377413E+00    1598           52 5.6E+00 3.1E+05 _
    180    30      1 5.0E-02     70 (5.1E-08) 2.2E-04  4.0377413E+00    1598           52 5.5E+00 3.2E+05 _
    181    31      1 5.1E-02     73 (4.8E-08) 2.9E-04  4.0377413E+00    1598           52 5.4E+00 3.3E+05 _
    182    32      1 5.3E-02     76 (4.6E-08) 3.7E-04  4.0377413E+00    1598           52 5.2E+00 3.4E+05 _
    183    33      1 5.4E-02     79 (4.4E-08) 4.5E-04  4.0377413E+00    1598           52 5.2E+00 3.4E+05 _
    184    34      1 5.6E-02     82 (4.2E-08) 1.9E-04  4.0377413E+00    1598           52 7.3E+00 3.5E+05 _  R
    185    35      1 4.0E-02     84 (4.0E-08) 1.8E-04  4.0377413E+00    1598           52 6.8E+00 4.8E+05 _s
    186    36      1 7.6E-02     86 (3.7E-08) 1.4E-04  4.0377413E+00    1598           52 6.5E+00 4.8E+05 _
    187    37      1 7.0E-02     88 (3.5E-08) 7.1E-05  4.0377413E+00    1598           52 6.4E+00 4.9E+05 _
    188    38      1 4.0E-02     91 (3.4E-08) 2.1E-05  4.0377414E+00    1598           52 6.1E+00 5.0E+05 _
    189    39      1 4.5E-02     94 (3.2E-08) 8.0E-05  4.0377413E+00    1598           52 5.8E+00 5.0E+05 _

   Itns Major Minors    Step   nCon Feasible  Optimal  MeritFunction     L+U BSwap     nS  condHz Penalty
    190    40      1 5.0E-02     97 (3.1E-08) 1.7E-04  4.0377413E+00    1598           52 5.6E+00 5.0E+05 _
    191    41      1 5.4E-02    100 (2.9E-08) 2.9E-04  4.0377413E+00    1598           52 5.7E+00 5.0E+05 _
    192    42      1 6.0E-02    103 (2.8E-08) 4.1E-04  4.0377413E+00    1598           52 5.6E+00 5.0E+05 _
    193    43      1 6.7E-02    106 (2.6E-08) 5.2E-04  4.0377413E+00    1598           52 5.5E+00 5.0E+05 _
    194    44      1 7.3E-02    109 (2.5E-08) 6.0E-04  4.0377413E+00    1598           52 5.5E+00 5.0E+05 _
    195    45      1 7.8E-02    112 (2.5E-08) 2.2E-04  4.0377413E+00    1598           52 1.4E+01 5.0E+05 _  R
    196    46      1 1.1E-02    114 (2.4E-08) 2.4E-04  4.0377414E+00    1598           52 1.4E+01 7.1E+05 _s
    197    47      1 4.1E-02    116 (2.3E-08) 1.9E-04  4.0377414E+00    1598           52 1.2E+01 7.1E+05 _
    198    48      1 1.5E-01    118 (2.0E-08) 2.1E-04  4.0377414E+00    1598           52 8.9E+00 7.1E+05 _
    199    49      1 1.3E-01    121 (1.8E-08) 1.3E-03  4.0377413E+00    1598           52 8.1E+00 7.1E+05 _
    200    50      1 3.8E-01    123 (1.8E-07) 1.4E-03  4.0377411E+00    1598           52 7.8E+00 4.4E+03 _
    201    51      1 4.9E-01    125 (4.5E-07) 4.3E-04  4.0377409E+00    1598           52 7.5E+00 5.2E+02 _
    202    52      1 1.0E+00    126 (8.0E-07) 1.9E-03  4.0377408E+00    1598           52 7.5E+00 2.7E+02 _
    203    53      1 1.0E+00    127 (1.2E-07) 2.0E-03  4.0377407E+00    1598           52 7.5E+00 2.7E+02 _
    204    54      1 1.0E+00    128 (6.4E-08) 4.5E-04  4.0377406E+00    1598           52 7.4E+00 2.7E+02 _
    205    55      1 5.3E-01    130 (3.3E-08) 1.2E-04  4.0377406E+00    1598           52 7.3E+00 2.7E+02 _
    206    56      1 1.0E+00    131 (5.3E-09) 4.6E-06  4.0377406E+00    1598           52 3.6E+01 2.7E+02 _  R
    207    57      1 1.0E+00    132 (8.4E-10)(3.5E-07) 4.0377406E+00    1598           52 3.6E+01 2.7E+02 _s
1
 
 SNOPTA EXIT   0 -- finished successfully
 SNOPTA INFO   1 -- optimality conditions satisfied

 Problem name
 No. of iterations                 207   Objective value      4.0377405943E+00
 No. of major iterations            57   Linear objective     0.0000000000E+00
 Penalty parameter           2.682E+02   Nonlinear objective  4.0377405943E+00
 No. of calls to funobj            132   No. of calls to funcon            132
 No. of superbasics                 52   No. of basic nonlinears           216
 No. of degenerate steps            49   Percentage                      23.67
 Max x                     220 5.0E+00   Max pi                     59 1.1E+00
 Max Primal infeas           0 0.0E+00   Max Dual infeas           253 7.2E-07
 Nonlinear constraint violn    1.9E-08
1
 
 Name                                    Objective Value      4.0377405943E+00

 Status         Optimal Soln             Iteration    207    Superbasics    52

 Objective               (Min)
 RHS
 Ranges
 Bounds

 Section 1 - Rows

  Number  ...Row.. State  ...Activity...  Slack Activity  ..Lower Limit.  ..Upper Limit.  .Dual Activity    ..i
 
     294  r      1    BS          .               .                None            None         -1.0          1
     295  r      2    EQ          .               .               .               .               .16908      2
     296  r      3    EQ          .               .               .               .               .88963      3
     297  r      4    EQ          .00000          .00000          .               .              1.05019      4
     298  r      5    EQ          .00000          .00000          .               .               .59642      5
     299  r      6    EQ          .00000          .00000          .               .               .16908      6
     300  r      7    EQ          .00000          .00000          .               .               .88963      7
     301  r      8    EQ          .00000          .00000          .               .              1.05019      8
     302  r      9    EQ          .00000          .00000          .               .               .59642      9
     303  r     10    EQ          .00000          .00000          .               .               .16908     10
     304  r     11    EQ          .00000          .00000          .               .               .88963     11
     305  r     12    EQ          .00000          .00000          .               .              1.05019     12
     306  r     13    EQ          .00000          .00000          .               .               .59642     13
     307  r     14    EQ          .00000          .00000          .               .               .16908     14
     308  r     15    EQ          .00000          .00000          .               .               .88963     15
     309  r     16    EQ          .00000          .00000          .               .              1.05019     16
     310  r     17    EQ          .00000          .00000          .               .               .59642     17
     311  r     18    EQ          .00000          .00000          .               .               .13527     18
     312  r     19    EQ          .00000          .00000          .               .               .71171     19
     313  r     20    EQ          .00000          .00000          .               .               .84016     20
     314  r     21    EQ          .00000          .00000          .               .               .47714     21
     315  r     22    EQ          .00000          .00000          .               .               .13527     22
     316  r     23    EQ          .00000          .00000          .               .               .71171     23
     317  r     24    EQ          .00000          .00000          .               .               .84016     24
     318  r     25    EQ          .00000          .00000          .               .               .47714     25
     319  r     26    EQ          .00000          .00000          .               .               .13527     26
     320  r     27    EQ          .00000          .00000          .               .               .71171     27
     321  r     28    EQ          .00000          .00000          .               .               .84016     28
     322  r     29    EQ          .00000          .00000          .               .               .47714     29
     323  r     30    EQ          .00000          .00000          .               .               .13527     30
     324  r     31    EQ          .00000          .00000          .               .               .71171     31
     325  r     32    EQ          .00000          .00000          .               .               .84016     32
     326  r     33    EQ          .00000          .00000          .               .               .47714     33
     327  r     34    EQ          .00000          .00000          .               .               .12753     34
     328  r     35    EQ          .00000          .00000          .               .               .20429     35
     329  r     36    EQ          .00000          .00000          .               .              -.02883     36
     330  r     37    EQ          .00000          .00000          .               .               .00423     37
     331  r     38    EQ          .00000          .00000          .               .              -.00024     38
     332  r     39    EQ          .00000          .00000          .               .              -.00126     39
     333  r     40    EQ          .00000          .00000          .               .              -.00148     40
     334  r     41    EQ          .00000          .00000          .               .              -.00084     41
     335  r     42    EQ          .00000          .00000          .               .               .00812     42
     336  r     43    EQ          .00000          .00000          .               .              -.11347     43
     337  r     44    EQ          .00000          .00000          .               .              -.42952     44
     338  r     45    EQ          .00000          .00000          .               .              -.30407     45
     339  r     46    EQ          .00000          .00000          .               .              -.16924     46
     340  r     47    EQ          .00000          .00000          .               .              -.89046     47
     341  r     48    EQ          .00000          .00000          .               .             -1.05117     48
     342  r     49    EQ          .00000          .00000          .               .              -.59698     49
     343  r     50    EQ          .00000          .00000          .               .              -.16924     50
     344  r     51    EQ          .00000          .00000          .               .              -.89046     51
     345  r     52    EQ          .00000          .00000          .               .             -1.05117     52
     346  r     53    EQ          .               .               .               .              -.59698     53
     347  r     54    EQ          .00000          .00000          .               .              -.16924     54
     348  r     55    EQ          .00000          .00000          .               .              -.89046     55
     349  r     56    EQ          .00000          .00000          .               .             -1.05117     56
     350  r     57    EQ          .00000          .00000          .               .              -.59698     57
     351  r     58    EQ          .00000          .00000          .               .              -.16924     58
     352  r     59    EQ          .00000          .00000          .               .              -.89046     59
     353  r     60    EQ          .00000          .00000          .               .             -1.05117     60
     354  r     61    EQ          .00000          .00000          .               .              -.59698     61
     355  r     62    EQ          .00000          .00000          .               .              -.16924     62
     356  r     63    EQ          .00000          .00000          .               .              -.89046     63
     357  r     64    EQ          .00000          .00000          .               .             -1.05117     64
     358  r     65    EQ          .00000          .00000          .               .              -.59698     65
     359  r     66    EQ          .00000          .00000          .               .              -.16924     66
     360  r     67    EQ          .00000          .00000          .               .              -.89046     67
     361  r     68    EQ          .00000          .00000          .               .             -1.05117     68
     362  r     69    EQ          .00000          .00000          .               .              -.59698     69
     363  r     70    EQ          .00000          .00000          .               .              -.16924     70
     364  r     71    EQ          .00000          .00000          .               .              -.89046     71
     365  r     72    EQ          .00000          .00000          .               .             -1.05117     72
     366  r     73    EQ          .               .               .               .              -.59698     73
     367  r     74    EQ          .00000          .00000          .               .               .05335     74
     368  r     75    EQ          .               .               .               .               .27253     75
     369  r     76    EQ          .00000          .00000          .               .               .30457     76
     370  r     77    EQ          .               .               .               .               .16471     77
     371  r     78    EQ          .00000          .00000          .               .               .04605     78
     372  r     79    EQ          .00000          .00000          .               .               .23413     79
     373  r     80    EQ          .00000          .00000          .               .               .25924     80
     374  r     81    EQ          .00000          .00000          .               .               .13896     81
     375  r     82    EQ          .00000          .00000          .               .               .03875     82
     376  r     83    EQ          .00000          .00000          .               .               .19572     83
     377  r     84    EQ          .00000          .00000          .               .               .21390     84
     378  r     85    EQ          .00000          .00000          .               .               .11321     85
     379  r     86    EQ          .00000          .00000          .               .               .03145     86
     380  r     87    EQ          .00000          .00000          .               .               .15731     87
     381  r     88    EQ          .00000          .00000          .               .               .16856     88
     382  r     89    EQ          .00000          .00000          .               .               .08747     89
     383  r     90    EQ          .00000          .00000          .               .               .01932     90
     384  r     91    EQ          .00000          .00000          .               .               .09643     91
     385  r     92    EQ          .00000          .00000          .               .               .10286     92
     386  r     93    EQ          .00000          .00000          .               .               .05313     93
     387  r     94    EQ          .00000          .00000          .               .               .01465     94
     388  r     95    EQ          .00000          .00000          .               .               .07185     95
     389  r     96    EQ          .00000          .00000          .               .               .07384     96
     390  r     97    EQ          .00000          .00000          .               .               .03665     97
     391  r     98    EQ          .00000          .00000          .               .               .00998     98
     392  r     99    EQ          .00000          .00000          .               .               .04727     99
     393  r    100    EQ          .00000          .00000          .               .               .04483    100
     394  r    101    EQ          .00000          .00000          .               .               .02017    101
     395  r    102    EQ          .00000          .00000          .               .               .00530    102
     396  r    103    EQ          .00000          .00000          .               .               .02269    103
     397  r    104    EQ          .00000          .00000          .               .               .01581    104
     398  r    105    EQ          .00000          .00000          .               .               .00369    105
     399  r    106    EQ          .00000          .00000          .               .               .00055    106
     400  r    107    EQ          .00000          .00000          .               .               .00049    107
     401  r    108    EQ          .00000          .00000          .               .              -.00044    108
     402  r    109    EQ          .00000          .00000          .               .              -.00005    109
     403  r    110    EQ          .00000          .00000          .               .              -.00002    110
     404  r    111    EQ          .00000          .00000          .               .              -.00010    111
     405  r    112    EQ          .00000          .00000          .               .              -.00010    112
     406  r    113    EQ          .00000          .00000          .               .              -.00005    113
     407  r    114 A  EQ          .00000          .00000          .               .               .00000    114
     408  r    115    EQ          .00000          .00000          .               .               .00006    115
     409  r    116    EQ          .00000          .00000          .               .               .00249    116
     410  r    117    EQ          .00000          .00000          .               .               .00336    117
     411  r    118    EQ          .00000          .00000          .               .               .00224    118
     412  r    119    EQ          .00000          .00000          .               .               .01993    119
     413  r    120    EQ          .00000          .00000          .               .               .04068    120
     414  r    121    EQ          .00000          .00000          .               .               .03137    121
     415  r    122    EQ          .00000          .00000          .               .               .00954    122
     416  r    123    EQ          .00000          .00000          .               .               .05837    123
     417  r    124    EQ          .00000          .00000          .               .               .08606    124
     418  r    125    EQ          .00000          .00000          .               .               .05715    125
     419  r    126    EQ          .00000          .00000          .               .               .01685    126
     420  r    127    EQ          .00000          .00000          .               .               .09681    127
     421  r    128    EQ          .00000          .00000          .               .               .13144    128
     422  r    129    EQ          .00000          .00000          .               .               .08292    129
     423  r    130    EQ          .00000          .00000          .               .               .02415    130
     424  r    131    EQ          .00000          .00000          .               .               .13525    131
     425  r    132    EQ          .00000          .00000          .               .               .17683    132
     426  r    133    EQ          .00000          .00000          .               .               .10869    133
     427  r    134    EQ          .00000          .00000          .               .               .03146    134
     428  r    135    EQ          .00000          .00000          .               .               .17370    135
     429  r    136    EQ          .00000          .00000          .               .               .22221    136
     430  r    137    EQ          .00000          .00000          .               .               .13446    137
     431  r    138    EQ          .00000          .00000          .               .               .03877    138
     432  r    139    EQ          .00000          .00000          .               .               .21214    139
     433  r    140    EQ          .               .               .               .               .26759    140
     434  r    141    EQ          .00000          .00000          .               .               .16024    141
     435  r    142    EQ          .               .               .               .               .04607    142
     436  r    143    EQ          .               .               .               .               .25058    143
     437  r    144    EQ          .00000          .00000          .               .               .31297    144
     438  r    145    EQ          .00000          .00000          .               .               .18601    145
     439  r    146    EQ          .               .               .               .               .00781    146
     440  r    147    EQ          .               .               .               .               .04111    147
     441  r    148    EQ          .00000          .00000          .               .               .04852    148
     442  r    149    EQ          .               .               .               .               .02756    149
     443  r    150    EQ          .00000          .00000          .               .               .00781    150
     444  r    151    EQ          .00000          .00000          .               .               .04111    151
     445  r    152    EQ          .               .               .               .               .04852    152
     446  r    153    EQ          .00000          .00000          .               .               .02756    153
     447  r    154    EQ          .00000          .00000          .               .               .00781    154
     448  r    155    EQ          .00000          .00000          .               .               .04111    155
     449  r    156    EQ          .00000          .00000          .               .               .04852    156
     450  r    157    EQ          .00000          .00000          .               .               .02756    157
     451  r    158    EQ          .00000          .00000          .               .               .00781    158
     452  r    159    EQ          .00000          .00000          .               .               .04111    159
     453  r    160    EQ          .00000          .00000          .               .               .04852    160
     454  r    161    EQ          .00000          .00000          .               .               .02756    161
     455  r    162    EQ          .00000          .00000          .               .               .00625    162
     456  r    163    EQ          .00000          .00000          .               .               .03288    163
     457  r    164    EQ          .00000          .00000          .               .               .03882    164
     458  r    165    EQ          .00000          .00000          .               .               .02205    165
     459  r    166    EQ          .00000          .00000          .               .               .00625    166
     460  r    167    EQ          .00000          .00000          .               .               .03288    167
     461  r    168    EQ          .00000          .00000          .               .               .03882    168
     462  r    169    EQ          .00000          .00000          .               .               .02205    169
     463  r    170    EQ          .00000          .00000          .               .               .00625    170
     464  r    171    EQ          .00000          .00000          .               .               .03288    171
     465  r    172    EQ          .00000          .00000          .               .               .03882    172
     466  r    173    EQ          .00000          .00000          .               .               .02205    173
     467  r    174    EQ          .00000          .00000          .               .               .00625    174
     468  r    175    EQ          .00000          .00000          .               .               .03288    175
     469  r    176    EQ          .00000          .00000          .               .               .03882    176
     470  r    177    EQ          .00000          .00000          .               .               .02205    177
     471  r    178    EQ          .00000          .00000          .               .               .00625    178
     472  r    179    EQ          .00000          .00000          .               .               .03288    179
     473  r    180    EQ          .00000          .00000          .               .               .03882    180
     474  r    181    EQ          .00000          .00000          .               .               .02205    181
     475  r    182    EQ          .00000          .00000          .               .               .00391    182
     476  r    183    EQ          .00000          .00000          .               .               .02055    183
     477  r    184    EQ          .00000          .00000          .               .               .02426    184
     478  r    185    EQ          .00000          .00000          .               .               .01378    185
     479  r    186    EQ          .00000          .00000          .               .               .00391    186
     480  r    187    EQ          .00000          .00000          .               .               .02055    187
     481  r    188    EQ          .00000          .00000          .               .               .02426    188
     482  r    189    EQ          .00000          .00000          .               .               .01378    189
     483  r    190    EQ          .00000          .00000          .               .               .00781    190
     484  r    191    EQ          .00000          .00000          .               .               .04111    191
     485  r    192    EQ          .00000          .00000          .               .               .04852    192
     486  r    193    EQ          .00000          .00000          .               .               .02756    193
     487  r    194    EQ          .00000          .00000          .               .               .00781    194
     488  r    195    EQ          .00000          .00000          .               .               .04111    195
     489  r    196    EQ          .00000          .00000          .               .               .04852    196
     490  r    197    EQ          .00000          .00000          .               .               .02756    197
     491  r    198    EQ          .00000          .00000          .               .               .00781    198
     492  r    199    EQ          .00000          .00000          .               .               .04111    199
     493  r    200    EQ          .00000          .00000          .               .               .04852    200
     494  r    201    EQ          .00000          .00000          .               .               .02756    201
     495  r    202    EQ          .00000          .00000          .               .               .00781    202
     496  r    203    EQ          .00000          .00000          .               .               .04111    203
     497  r    204    EQ          .00000          .00000          .               .               .04852    204
     498  r    205    EQ          .00000          .00000          .               .               .02756    205
     499  r    206    EQ          .00000          .00000          .               .               .00781    206
     500  r    207    EQ          .00000          .00000          .               .               .04111    207
     501  r    208    EQ          .00000          .00000          .               .               .04852    208
     502  r    209    EQ          .00000          .00000          .               .               .02756    209
     503  r    210    EQ          .00000          .00000          .               .               .00781    210
     504  r    211    EQ          .00000          .00000          .               .               .04111    211
     505  r    212    EQ          .00000          .00000          .               .               .04852    212
     506  r    213    EQ          .00000          .00000          .               .               .02756    213
     507  r    214    EQ          .00000          .00000          .               .               .00781    214
     508  r    215    EQ          .00000          .00000          .               .               .04111    215
     509  r    216    EQ          .00000          .00000          .               .               .04852    216
     510  r    217    EQ          .               .               .               .               .02756    217
     511  r    218    BS          .69075          .69075          .                None           .         218
1
 
 Section 2 - Columns

  Number  .Column. State  ...Activity...  .Obj Gradient.  ..Lower Limit.  ..Upper Limit.  Reduced Gradnt    m+j
 
       1  x      1    EQ          .               .               .               .             21.64270    219
       2  x      2    BS          .00896          .               .               .11111          .00000    220
       3  x      3    BS          .02387          .               .               .11111          .00000    221
       4  x      4    BS          .03548          .               .               .11111          .00000    222
       5  x      5    BS          .03851          .               .               .11111          .00000    223
       6  x      6    BS          .04549          .               .               .11111          .00000    224
       7  x      7    BS          .05688          .               .               .11111          .         225
       8  x      8    BS          .06550          .               .               .11111          .00000    226
       9  x      9    BS          .06771          .               .               .11111          .00000    227
      10  x     10    BS          .07271          .               .               .11111          .00000    228
      11  x     11    BS          .08064          .               .               .11111          .00000    229
      12  x     12    BS          .08645          .               .               .11111          .00000    230
      13  x     13    BS          .08791          .               .               .11111          .00000    231
      14  x     14    BS          .09117          .               .               .11111          .00000    232
      15  x     15    BS          .09620          .               .               .11111          .00000    233
      16  x     16    BS          .09974          .               .               .11111          .00000    234
      17  x     17    BS          .10061          .               .               .11111          .00000    235
      18  x     18    BS          .10214          .               .               .11111          .00000    236
      19  x     19    BS          .10450          .               .               .11111          .00000    237
      20  x     20    BS          .10614          .               .               .11111          .00000    238
      21  x     21    BS          .10653          .               .               .11111          .00000    239
      22  x     22    BS          .10740          .               .               .11111          .00000    240
      23  x     23    BS          .10866          .               .               .11111          .00000    241
      24  x     24    BS          .10948          .               .               .11111          .00000    242
      25  x     25    BS          .10967          .               .               .11111          .00000    243
      26  x     26    BS          .11006          .               .               .11111          .00000    244
      27  x     27    BS          .11057          .               .               .11111          .00000    245
      28  x     28    BS          .11084          .               .               .11111          .00000    246
      29  x     29    BS          .11090          .               .               .11111          .00000    247
      30  x     30    BS          .11100          .               .               .11111          .00000    248
      31  x     31    BS          .11109          .               .               .11111          .00000    249
      32  x     32    BS          .11111          .               .               .11111          .00000    250
      33  x     33    UL          .11111          .               .               .11111        -6.94753    251
      34  x     34    UL          .11111          .               .               .11111       -14.75630    252
      35  x     35    BS          .11111          .               .               .11111          .00000    253
      36  x     36    BS          .11111          .               .               .11111          .00000    254
      37  x     37    BS          .11111          .               .               .11111          .00000    255
      38  x     38    BS          .11111          .               .               .11111          .00000    256
      39  x     39    BS          .11111          .               .               .11111          .00000    257
      40  x     40 D  BS          .11111          .               .               .11111          .00000    258
      41  x     41 D  BS          .11111          .               .               .11111          .00000    259
      42  x     42    UL          .11111          .               .               .11111       -11.94278    260
      43  x     43    UL          .11111          .               .               .11111        -9.65882    261
      44  x     44    BS          .11111          .               .               .11111          .00000    262
      45  x     45    BS          .11110          .               .               .11111          .00000    263
      46  x     46    BS          .11107          .               .               .11111          .00000    264
      47  x     47    BS          .11090          .               .               .11111          .00000    265
      48  x     48    BS          .11059          .               .               .11111          .00000    266
      49  x     49    BS          .11046          .               .               .11111          .00000    267
      50  x     50    BS          .11009          .               .               .11111          .00000    268
      51  x     51    BS          .10913          .               .               .11111          .00000    269
      52  x     52    BS          .10794          .               .               .11111          .00000    270
      53  x     53    BS          .10755          .               .               .11111          .00000    271
      54  x     54    BS          .10647          .               .               .11111          .00000    272
      55  x     55    BS          .10405          .               .               .11111          .00000    273
      56  x     56    BS          .10143          .               .               .11111          .00000    274
      57  x     57    BS          .10061          .               .               .11111          .00000    275
      58  x     58    BS          .09845          .               .               .11111          .00000    276
      59  x     59    BS          .09392          .               .               .11111          .00000    277
      60  x     60    BS          .08931          .               .               .11111          .00000    278
      61  x     61    BS          .08791          .               .               .11111          .00000    279
      62  x     62    BS          .08431          .               .               .11111          .00000    280
      63  x     63    BS          .07700          .               .               .11111          .00000    281
      64  x     64    BS          .06984          .               .               .11111          .00000    282
      65  x     65    BS          .06771          .               .               .11111          .00000    283
      66  x     66    BS          .06229          .               .               .11111          .00000    284
      67  x     67    BS          .05159          .               .               .11111          .00000    285
      68  x     68    BS          .04147          .               .               .11111          .00000    286
      69  x     69    BS          .03851          .               .               .11111          .00000    287
      70  x     70    BS          .03111          .               .               .11111          .00000    288
      71  x     71    BS          .01690          .               .               .11111          .         289
      72  x     72    BS          .00379          .               .               .11111          .         290
      73  x     73    EQ          .               .               .               .             21.66272    291
      74  x     74    EQ         1.0              .              1.0             1.0             6.82852    292
      75  x     75    BS          .95416          .            -10.00000        10.00000          .00000    293
      76  x     76    BS          .87253          .            -10.00000        10.00000          .00000    294
      77  x     77    BS          .80326          .            -10.00000        10.00000          .00000    295
      78  x     78    BS          .78414          .            -10.00000        10.00000          .00000    296
      79  x     79    BS          .73831          .            -10.00000        10.00000          .00000    297
      80  x     80    BS          .65667          .            -10.00000        10.00000          .00000    298
      81  x     81    BS          .58741          .            -10.00000        10.00000          .00000    299
      82  x     82    BS          .56828          .            -10.00000        10.00000          .00000    300
      83  x     83    BS          .52373          .            -10.00000        10.00000          .00000    301
      84  x     84    BS          .44887          .            -10.00000        10.00000          .00000    302
      85  x     85    BS          .38988          .            -10.00000        10.00000          .00000    303
      86  x     86    BS          .37433          .            -10.00000        10.00000          .00000    304
      87  x     87    BS          .33834          .            -10.00000        10.00000          .00000    305
      88  x     88    BS          .27874          .            -10.00000        10.00000          .00000    306
      89  x     89    BS          .23269          .            -10.00000        10.00000          .00000    307
      90  x     90    BS          .22071          .            -10.00000        10.00000          .00000    308
      91  x     91    BS          .19862          .            -10.00000        10.00000          .00000    309
      92  x     92    BS          .16217          .            -10.00000        10.00000          .00000    310
      93  x     93    BS          .13413          .            -10.00000        10.00000          .00000    311
      94  x     94    BS          .12686          .            -10.00000        10.00000          .00000    312
      95  x     95    BS          .11026          .            -10.00000        10.00000          .00000    313
      96  x     96    BS          .08356          .            -10.00000        10.00000          .00000    314
      97  x     97    BS          .06381          .            -10.00000        10.00000          .00000    315
      98  x     98    BS          .05883          .            -10.00000        10.00000          .00000    316
      99  x     99    BS          .04770          .            -10.00000        10.00000          .00000    317
     100  x    100    BS          .03077          .            -10.00000        10.00000          .00000    318
     101  x    101    BS          .01931          .            -10.00000        10.00000          .00000    319
     102  x    102    BS          .01661          .            -10.00000        10.00000          .00000    320
     103  x    103    BS          .01097          .            -10.00000        10.00000          .00000    321
     104  x    104    BS          .00380          .            -10.00000        10.00000          .00000    322
     105  x    105    BS          .00062          .            -10.00000        10.00000          .00000    323
     106  x    106    BS          .00021          .            -10.00000        10.00000          .00000    324
     107  x    107    BS         -.00014          .            -10.00000        10.00000          .00000    325
     108  x    108    BS         -.00006          .            -10.00000        10.00000          .00000    326
     109  x    109    BS          .00000          .            -10.00000        10.00000          .00000    327
     110  x    110    BS          .00001          .            -10.00000        10.00000          .00000    328
     111  x    111    BS          .00004          .            -10.00000        10.00000          .00000    329
     112  x    112    BS          .00007          .            -10.00000        10.00000          .00000    330
     113  x    113    BS          .00010          .            -10.00000        10.00000          .00000    331
     114  x    114    BS          .00011          .            -10.00000        10.00000          .00000    332
     115  x    115    BS          .00012          .            -10.00000        10.00000          .00000    333
     116  x    116    BS         -.00025          .            -10.00000        10.00000          .00000    334
     117  x    117    BS         -.00143          .            -10.00000        10.00000          .00000    335
     118  x    118    BS         -.00193          .            -10.00000        10.00000          .00000    336
     119  x    119    BS         -.00547          .            -10.00000        10.00000          .00000    337
     120  x    120    BS         -.01627          .            -10.00000        10.00000          .00000    338
     121  x    121    BS         -.02996          .            -10.00000        10.00000          .00000    339
     122  x    122    BS         -.03447          .            -10.00000        10.00000          .00000    340
     123  x    123    BS         -.04658          .            -10.00000        10.00000          .00000    341
     124  x    124    BS         -.07265          .            -10.00000        10.00000          .00000    342
     125  x    125    BS         -.09930          .            -10.00000        10.00000          .00000    343
     126  x    126    BS         -.10739          .            -10.00000        10.00000          .00000    344
     127  x    127    BS         -.12807          .            -10.00000        10.00000          .00000    345
     128  x    128    BS         -.16941          .            -10.00000        10.00000          .00000    346
     129  x    129    BS         -.20901          .            -10.00000        10.00000          .00000    347
     130  x    130    BS         -.22068          .            -10.00000        10.00000          .00000    348
     131  x    131    BS         -.24993          .            -10.00000        10.00000          .00000    349
     132  x    132    BS         -.30654          .            -10.00000        10.00000          .00000    350
     133  x    133    BS         -.35910          .            -10.00000        10.00000          .00000    351
     134  x    134    BS         -.37435          .            -10.00000        10.00000          .00000    352
     135  x    135    BS         -.41217          .            -10.00000        10.00000          .00000    353
     136  x    136    BS         -.48405          .            -10.00000        10.00000          .00000    354
     137  x    137    BS         -.54957          .            -10.00000        10.00000          .00000    355
     138  x    138    BS         -.56839          .            -10.00000        10.00000          .00000    356
     139  x    139    BS         -.61408          .            -10.00000        10.00000          .00000    357
     140  x    140    BS         -.69578          .            -10.00000        10.00000          .00000    358
     141  x    141    BS         -.76500          .            -10.00000        10.00000          .00000    359
     142  x    142    BS         -.78414          .            -10.00000        10.00000          .00000    360
     143  x    143    BS         -.82998          .            -10.00000        10.00000          .00000    361
     144  x    144    BS         -.91161          .            -10.00000        10.00000          .00000    362
     145  x    145    BS         -.98088          .            -10.00000        10.00000          .00000    363
     146  x    146    EQ        -1.0              .             -1.0            -1.0            -6.83265    364
     147  x    147    EQ          .               .               .               .              1.00000    365
     148  x    148    BS          .11459          .            -10.00000        10.00000          .00000    366
     149  x    149    BS          .31868          .            -10.00000        10.00000          .00000    367
     150  x    150    BS          .49184          .            -10.00000        10.00000          .00000    368
     151  x    151    BS          .53965          .            -10.00000        10.00000          .00000    369
     152  x    152    BS          .65423          .            -10.00000        10.00000          .00000    370
     153  x    153    BS          .85832          .            -10.00000        10.00000          .00000    371
     154  x    154    BS         1.03148          .            -10.00000        10.00000          .00000    372
     155  x    155    BS         1.07929          .            -10.00000        10.00000          .00000    373
     156  x    156    BS         1.18759          .            -10.00000        10.00000          .00000    374
     157  x    157    BS         1.35928          .            -10.00000        10.00000          .00000    375
     158  x    158    BS         1.48492          .            -10.00000        10.00000          .00000    376
     159  x    159    BS         1.51655          .            -10.00000        10.00000          .00000    377
     160  x    160    BS         1.58722          .            -10.00000        10.00000          .00000    378
     161  x    161    BS         1.69609          .            -10.00000        10.00000          .00000    379
     162  x    162    BS         1.77266          .            -10.00000        10.00000          .00000    380
     163  x    163    BS         1.79142          .            -10.00000        10.00000          .00000    381
     164  x    164    BS         1.82469          .            -10.00000        10.00000          .00000    382
     165  x    165    BS         1.87561          .            -10.00000        10.00000          .00000    383
     166  x    166    BS         1.91110          .            -10.00000        10.00000          .00000    384
     167  x    167    BS         1.91974          .            -10.00000        10.00000          .00000    385
     168  x    168    BS         1.93855          .            -10.00000        10.00000          .00000    386
     169  x    169    BS         1.96587          .            -10.00000        10.00000          .00000    387
     170  x    170    BS         1.98349          .            -10.00000        10.00000          .00000    388
     171  x    171    BS         1.98756          .            -10.00000        10.00000          .00000    389
     172  x    172    BS         1.99600          .            -10.00000        10.00000          .00000    390
     173  x    173    BS         2.00701          .            -10.00000        10.00000          .00000    391
     174  x    174    BS         2.01297          .            -10.00000        10.00000          .00000    392
     175  x    175    BS         2.01416          .            -10.00000        10.00000          .00000    393
     176  x    176    BS         2.01634          .            -10.00000        10.00000          .00000    394
     177  x    177    BS         2.01835          .            -10.00000        10.00000          .00000    395
     178  x    178    BS         2.01883          .            -10.00000        10.00000          .00000    396
     179  x    179    BS         2.01886          .            -10.00000        10.00000          .00000    397
     180  x    180    BS         2.01887          .            -10.00000        10.00000          .00000    398
     181  x    181    BS         2.01887          .            -10.00000        10.00000          .00000    399
     182  x    182    BS         2.01887          .            -10.00000        10.00000          .00000    400
     183  x    183    BS         2.01887          .            -10.00000        10.00000          .00000    401
     184  x    184    BS         2.01887          .            -10.00000        10.00000          .00000    402
     185  x    185    BS         2.01887          .            -10.00000        10.00000          .00000    403
     186  x    186    BS         2.01887          .            -10.00000        10.00000          .00000    404
     187  x    187    BS         2.01887          .            -10.00000        10.00000          .00000    405
     188  x    188    BS         2.01887          .            -10.00000        10.00000          .00000    406
     189  x    189    BS         2.01888          .            -10.00000        10.00000          .00000    407
     190  x    190    BS         2.01899          .            -10.00000        10.00000          .00000    408
     191  x    191    BS         2.01906          .            -10.00000        10.00000          .00000    409
     192  x    192    BS         2.01975          .            -10.00000        10.00000          .00000    410
     193  x    193    BS         2.02341          .            -10.00000        10.00000          .00000    411
     194  x    194    BS         2.03023          .            -10.00000        10.00000          .00000    412
     195  x    195    BS         2.03290          .            -10.00000        10.00000          .00000    413
     196  x    196    BS         2.04090          .            -10.00000        10.00000          .00000    414
     197  x    197    BS         2.06180          .            -10.00000        10.00000          .00000    415
     198  x    198    BS         2.08749          .            -10.00000        10.00000          .00000    416
     199  x    199    BS         2.09604          .            -10.00000        10.00000          .00000    417
     200  x    200    BS         2.11938          .            -10.00000        10.00000          .00000    418
     201  x    201    BS         2.17181          .            -10.00000        10.00000          .00000    419
     202  x    202    BS         2.22847          .            -10.00000        10.00000          .00000    420
     203  x    203    BS         2.24627          .            -10.00000        10.00000          .00000    421
     204  x    204    BS         2.29296          .            -10.00000        10.00000          .00000    422
     205  x    205    BS         2.39118          .            -10.00000        10.00000          .00000    423
     206  x    206    BS         2.49094          .            -10.00000        10.00000          .00000    424
     207  x    207    BS         2.52132          .            -10.00000        10.00000          .00000    425
     208  x    208    BS         2.59937          .            -10.00000        10.00000          .00000    426
     209  x    209    BS         2.75768          .            -10.00000        10.00000          .00000    427
     210  x    210    BS         2.91265          .            -10.00000        10.00000          .00000    428
     211  x    211    BS         2.95896          .            -10.00000        10.00000          .00000    429
     212  x    212    BS         3.07284          .            -10.00000        10.00000          .00000    430
     213  x    213    BS         3.27726          .            -10.00000        10.00000          .00000    431
     214  x    214    BS         3.45021          .            -10.00000        10.00000          .00000    432
     215  x    215    BS         3.49810          .            -10.00000        10.00000          .00000    433
     216  x    216    BS         3.61268          .            -10.00000        10.00000          .00000    434
     217  x    217    BS         3.81677          .            -10.00000        10.00000          .00000    435
     218  x    218    BS         3.98993          .            -10.00000        10.00000          .00000    436
     219  x    219    BS         4.03774         1.00000       -10.00000        10.00000          .00000    437
     220  x    220    LL        -5.00000          .             -5.00000        10.00000          .00493    438
     221  x    221    LL        -5.00000          .             -5.00000        10.00000          .02314    439
     222  x    222    LL        -5.00000          .             -5.00000        10.00000          .02140    440
     223  x    223    LL        -5.00000          .             -5.00000        10.00000          .00930    441
     224  x    224    LL        -5.00000          .             -5.00000        10.00000          .00241    442
     225  x    225    LL        -5.00000          .             -5.00000        10.00000          .00988    443
     226  x    226    LL        -5.00000          .             -5.00000        10.00000          .00574    444
     227  x    227    LL        -5.00000          .             -5.00000        10.00000          .00041    445
     228  x    228   SBS        -4.95982          .             -5.00000        10.00000          .00000    446
     229  x    229   SBS        -4.76143          .             -5.00000        10.00000          .00000    447
     230  x    230    BS        -4.40806          .             -5.00000        10.00000          .00000    448
     231  x    231   SBS        -4.10821          .             -5.00000        10.00000          .00000    449
     232  x    232   SBS        -4.02547          .             -5.00000        10.00000          .00000    450
     233  x    233   SBS        -3.82707          .             -5.00000        10.00000          .00000    451
     234  x    234   SBS        -3.47371          .             -5.00000        10.00000          .00000    452
     235  x    235   SBS        -3.17389          .             -5.00000        10.00000          .00000    453
     236  x    236   SBS        -3.09111          .             -5.00000        10.00000          .00000    454
     237  x    237   SBS        -2.93239          .             -5.00000        10.00000          .00000    455
     238  x    238   SBS        -2.64970          .             -5.00000        10.00000          .00000    456
     239  x    239   SBS        -2.40985          .             -5.00000        10.00000          .00000    457
     240  x    240   SBS        -2.34363          .             -5.00000        10.00000          .00000    458
     241  x    241   SBS        -2.18491          .             -5.00000        10.00000          .00000    459
     242  x    242   SBS        -1.90222          .             -5.00000        10.00000          .00000    460
     243  x    243   SBS        -1.66237          .             -5.00000        10.00000          .00000    461
     244  x    244   SBS        -1.59615          .             -5.00000        10.00000          .00000    462
     245  x    245   SBS        -1.43743          .             -5.00000        10.00000          .00000    463
     246  x    246   SBS        -1.15474          .             -5.00000        10.00000          .00000    464
     247  x    247   SBS         -.91489          .             -5.00000        10.00000          .00000    465
     248  x    248   SBS         -.84866          .             -5.00000        10.00000          .00000    466
     249  x    249   SBS         -.68995          .             -5.00000        10.00000          .00000    467
     250  x    250    BS         -.40726          .             -5.00000        10.00000          .00000    468
     251  x    251   SBS         -.16740          .             -5.00000        10.00000          .00000    469
     252  x    252   SBS         -.08723          .             -5.00000        10.00000          .00000    470
     253  x    253   SBS         -.01509          .             -5.00000        10.00000          .00000    471
     254  x    254    BS          .01124          .             -5.00000        10.00000          .00000    472
     255  x    255   SBS          .00238          .             -5.00000        10.00000          .00000    473
     256  x    256   SBS          .00491          .             -5.00000        10.00000          .00000    474
     257  x    257   SBS          .00467          .             -5.00000        10.00000          .00000    475
     258  x    258    BS          .00408          .             -5.00000        10.00000          .00000    476
     259  x    259   SBS          .00372          .             -5.00000        10.00000          .00000    477
     260  x    260   SBS          .00012          .             -5.00000        10.00000          .00000    478
     261  x    261   SBS         -.00278          .             -5.00000        10.00000          .00000    479
     262  x    262   SBS         -.10282          .             -5.00000        10.00000          .00000    480
     263  x    263   SBS         -.24364          .             -5.00000        10.00000          .00000    481
     264  x    264   SBS         -.28614          .             -5.00000        10.00000          .00000    482
     265  x    265   SBS         -.48472          .             -5.00000        10.00000          .00000    483
     266  x    266   SBS         -.83842          .             -5.00000        10.00000          .00000    484
     267  x    267   SBS        -1.13850          .             -5.00000        10.00000          .00000    485
     268  x    268   SBS        -1.22136          .             -5.00000        10.00000          .00000    486
     269  x    269   SBS        -1.41993          .             -5.00000        10.00000          .00000    487
     270  x    270   SBS        -1.77362          .             -5.00000        10.00000          .00000    488
     271  x    271   SBS        -2.07373          .             -5.00000        10.00000          .00000    489
     272  x    272   SBS        -2.15657          .             -5.00000        10.00000          .00000    490
     273  x    273   SBS        -2.35517          .             -5.00000        10.00000          .00000    491
     274  x    274   SBS        -2.70889          .             -5.00000        10.00000          .00000    492
     275  x    275   SBS        -3.00894          .             -5.00000        10.00000          .00000    493
     276  x    276   SBS        -3.09179          .             -5.00000        10.00000          .00000    494
     277  x    277   SBS        -3.29037          .             -5.00000        10.00000          .00000    495
     278  x    278   SBS        -3.64403          .             -5.00000        10.00000          .00000    496
     279  x    279   SBS        -3.94423          .             -5.00000        10.00000          .00000    497
     280  x    280   SBS        -4.02700          .             -5.00000        10.00000          .00000    498
     281  x    281   SBS        -4.22561          .             -5.00000        10.00000          .00000    499
     282  x    282    BS        -4.57928          .             -5.00000        10.00000          .00000    500
     283  x    283   SBS        -4.87937          .             -5.00000        10.00000          .00000    501
     284  x    284   SBS        -4.96217          .             -5.00000        10.00000          .00000    502
     285  x    285    LL        -5.00000          .             -5.00000        10.00000          .00228    503
     286  x    286    LL        -5.00000          .             -5.00000        10.00000          .00862    504
     287  x    287    LL        -5.00000          .             -5.00000        10.00000          .00775    505
     288  x    288    LL        -5.00000          .             -5.00000        10.00000          .00242    506
     289  x    289    LL        -5.00000          .             -5.00000        10.00000          .01556    507
     290  x    290    LL        -5.00000          .             -5.00000        10.00000          .02430    508
     291  x    291    LL        -5.00000          .             -5.00000        10.00000          .01665    509
     292  x    292 A  EQ          .               .               .               .               .00000    510
     293  x    293    BS          .69075          .               .             50.00000          .00000    511
 
 Time for MPS input                              .00 seconds
 Time for solving problem                        .94 seconds
 Time for solution output                        .01 seconds
 Time for constraint functions                   .81 seconds
 Time for objective function                     .00 seconds
