      Timing level               3
      Hessian Limited Memory
      LU Partial Pivoting
      Verify Level              -1
      Cold Start
      Iteration Limit         1000000
      Major Iterations Limit          100000
      Minor Iterations Limit          100000
      Major Optimality Tolerance  1.00000000E-06
      Major Feasibility Tolerance  2.00000000E-06
1
 
 Parameters
 ==========

 Files
 -----
 Solution file..........         0       Old basis file ........         0       Standard input.........         5
 Insert file............         0       New basis file ........         0       (Printer)..............         9
 Punch file.............         0       Backup basis file......         0       (Specs file)...........         0
 Load file..............         0       Dump file..............         0       Standard output........         6

 Frequencies
 -----------
 Print frequency........       100       Check frequency........        60       Save new basis map.....       100
 Summary frequency......       100       Factorization frequency        50       Expand frequency.......     10000

 QP subproblems
 --------------
 QPsolver Cholesky......
 Scale tolerance........      .900       Minor feasibility tol..  1.00E-06       Iteration limit........   1000000
 Scale option...........         0       Minor optimality  tol..  5.00E-07       Minor print level......         1
 Crash tolerance........      .100       Pivot tolerance........  3.25E-11       Partial price..........         1
 Crash option...........         3       Elastic weight.........  1.00E+04       Prtl price section ( A)       175
                                         New superbasics........        99       Prtl price section (-I)       116

 The SQP Method
 --------------
 Minimize...............                 Cold start.............                 Proximal Point method..         1
 Nonlinear objectiv vars       175       Objective Row..........         1       Function precision.....  3.00E-13
 Unbounded step size....  1.00E+20       Superbasics limit......       175       Difference interval....  5.48E-07
 Unbounded objective....  1.00E+15       Reduced Hessian dim....       175       Central difference int.  6.70E-05
 Major step limit.......  2.00E+00       Derivative linesearch..                 Derivative option......         1
 Major iterations limit.    100000       Linesearch tolerance...    .90000       Verify level...........        -1
 Minor iterations limit.    100000       Penalty parameter......  0.00E+00       Major Print Level......         1
                                         Major optimality tol...  1.00E-06

 Hessian Approximation
 ---------------------
 Limited-Memory Hessian.                 Hessian updates........        10       Hessian frequency......  99999999
                                                                                 Hessian flush..........  99999999

 Nonlinear constraints
 ---------------------
 Nonlinear constraints..       114       Major feasibility tol..  2.00E-06       Violation limit........  1.00E+06
 Nonlinear Jacobian vars       175

 Miscellaneous
 -------------
 LU factor tolerance....      3.99       LU singularity tol.....  3.25E-11       Timing level...........         3
 LU update tolerance....      3.99       LU swap tolerance......  1.22E-04       Debug level............         0
 LU partial  pivoting...                 eps (machine precision)  2.22E-16       System information.....        No
                                                                                 Sticky parameters......       Yes
1
 

 

 Matrix statistics
 -----------------
               Total      Normal        Free       Fixed     Bounded
 Rows            116           1           1         114           0
 Columns         175           0           0           5         170

 No. of matrix elements                 1504     Density       7.409
 Biggest  constant element        1.0000E+00  (excluding fixed columns,
 Smallest constant element        1.0000E+00   free rows, and RHS)

 No. of objective coefficients             0

 Nonlinear constraints     114     Linear constraints       2
 Nonlinear variables       175     Linear variables         0
 Jacobian  variables       175     Objective variables    175
 Total constraints         116     Total variables        175
1
 

 
 The user has defined    1211   out of    1211   first  derivatives
1
 

    Itn       QPmult  QPstep   nInf   SumInf   rgNorm    QPobjective   +SBS   -SBS    -BS    Pivot     L+U ncp    nS  condHz
    100      1.6E+00 6.5E-05                  1.1E-04  8.7831945E+00     67     67    124 -3.4E+01    1344   1     3 1.7E+02
 

   Itns Major Minors    Step   nCon Feasible  Optimal  MeritFunction     L+U BSwap     nS  condHz Penalty
    142     0    142              1  6.3E-03  3.0E-04  8.7832394E+00    1061           13 1.6E+08         _  r
    145     1      3 1.0E+00      2 (4.7E-11) 9.1E-05  8.7831044E+00     923           11 1.6E+08         _n r
    147     2      2 1.0E+00      4 (4.6E-12) 4.8E-05  8.7831037E+00     923           10 1.6E+08         _n r
    157     3     10 1.0E+00      6 (7.2E-13) 1.9E-06  8.7831036E+00     998            1 7.3E+01         _n r
    158     4      1 1.0E+00      8 (4.3E-10)(5.8E-07) 8.7831020E+00     949            1 7.3E+01         _n r
1
 
 SNOPTA EXIT   0 -- finished successfully
 SNOPTA INFO   1 -- optimality conditions satisfied

 Problem name
 No. of iterations                 158   Objective value      8.7831019621E+00
 No. of major iterations             4   Linear objective     0.0000000000E+00
 Penalty parameter           0.000E+00   Nonlinear objective  8.7831019621E+00
 No. of calls to funobj              8   No. of calls to funcon              8
 No. of superbasics                  1   No. of basic nonlinears           114
 No. of degenerate steps             8   Percentage                       5.06
 Max x                       1 1.0E+01   Max pi                    116 1.0E+00
 Max Primal infeas           0 0.0E+00   Max Dual infeas           140 1.4E-06
 Nonlinear constraint violn    2.0E-08
1
 
 Name                                    Objective Value      8.7831019621E+00

 Status         Optimal Soln             Iteration    158    Superbasics     1

 Objective               (Min)
 RHS
 Ranges
 Bounds

 Section 1 - Rows

  Number  ...Row.. State  ...Activity...  Slack Activity  ..Lower Limit.  ..Upper Limit.  .Dual Activity    ..i
 
     176  r      1    BS          .               .                None            None         -1.0          1
     177  r      2    EQ          .00000          .00000          .               .               .00976      2
     178  r      3    EQ          .00000          .00000          .               .               .05135      3
     179  r      4    EQ          .00000          .00000          .               .               .06062      4
     180  r      5    EQ          .00000          .00000          .               .               .03443      5
     181  r      6    EQ          .00000          .00000          .               .               .00244      6
     182  r      7    EQ          .00000          .00000          .               .               .01284      7
     183  r      8    EQ          .00000          .00000          .               .               .01515      8
     184  r      9    EQ          .00000          .00000          .               .               .00861      9
     185  r     10    EQ          .00000          .00000          .               .               .00244     10
     186  r     11    EQ          .00000          .00000          .               .               .01284     11
     187  r     12    EQ          .00000          .00000          .               .               .01515     12
     188  r     13    EQ          .               .               .               .               .00861     13
     189  r     14    EQ          .00000          .00000          .               .               .00020     14
     190  r     15    EQ          .00000          .00000          .               .               .00107     15
     191  r     16    EQ          .00000          .00000          .               .               .00126     16
     192  r     17    EQ          .               .               .               .               .00072     17
     193  r     18    EQ          .00000          .00000          .               .               .00020     18
     194  r     19    EQ          .00000          .00000          .               .               .00107     19
     195  r     20    EQ          .00000          .00000          .               .               .00126     20
     196  r     21    EQ          .00000          .00000          .               .               .00072     21
     197  r     22    EQ          .00000          .00000          .               .               .00007     22
     198  r     23    EQ          .00000          .00000          .               .               .00036     23
     199  r     24    EQ          .00000          .00000          .               .               .00051     24
     200  r     25    EQ          .00000          .00000          .               .               .00046     25
     201  r     26    EQ          .00000          .00000          .               .               .00023     26
     202  r     27    EQ          .00000          .00000          .               .               .00010     27
     203  r     28    EQ          .00000          .00000          .               .               .00053     28
     204  r     29    EQ          .00000          .00000          .               .               .00063     29
     205  r     30    EQ          .00000          .00000          .               .               .00036     30
     206  r     31    EQ          .00000          .00000          .               .               .00061     31
     207  r     32    EQ          .00000          .00000          .               .               .00321     32
     208  r     33    EQ          .00000          .00000          .               .               .00379     33
     209  r     34    EQ          .00000          .00000          .               .               .00215     34
     210  r     35    EQ          .00000          .00000          .               .               .00061     35
     211  r     36    EQ          .00000          .00000          .               .               .00321     36
     212  r     37    EQ          .00000          .00000          .               .               .00379     37
     213  r     38    EQ          .00000          .00000          .               .               .00215     38
     214  r     39    EQ          .00000          .00000          .               .               .00061     39
     215  r     40    EQ          .00000          .00000          .               .               .00321     40
     216  r     41    EQ          .00000          .00000          .               .               .00379     41
     217  r     42    EQ          .00000          .00000          .               .               .00215     42
     218  r     43    EQ          .00000          .00000          .               .               .00244     43
     219  r     44    EQ          .00000          .00000          .               .               .01284     44
     220  r     45    EQ          .00000          .00000          .               .               .01515     45
     221  r     46    EQ          .00000          .00000          .               .               .00861     46
     222  r     47    EQ          .00000          .00000          .               .               .00976     47
     223  r     48    EQ          .00000          .00000          .               .               .05135     48
     224  r     49    EQ          .00000          .00000          .               .               .06062     49
     225  r     50    EQ          .00000          .00000          .               .               .03443     50
     226  r     51    EQ          .00000          .00000          .               .               .00976     51
     227  r     52    EQ          .00000          .00000          .               .               .05135     52
     228  r     53    EQ          .00000          .00000          .               .               .06062     53
     229  r     54    EQ          .00000          .00000          .               .               .03443     54
     230  r     55    EQ          .00000          .00000          .               .               .00976     55
     231  r     56    EQ          .00000          .00000          .               .               .05135     56
     232  r     57    EQ          .00000          .00000          .               .               .06062     57
     233  r     58    EQ          .00000          .00000          .               .               .03443     58
     234  r     59    EQ          .00000          .00000          .               .              -.01220     59
     235  r     60    EQ          .00000          .00000          .               .              -.07341     60
     236  r     61    EQ          .00000          .00000          .               .              -.10610     61
     237  r     62    EQ          .00000          .00000          .               .              -.06962     62
     238  r     63    EQ          .00000          .00000          .               .              -.00512     63
     239  r     64    EQ          .00000          .00000          .               .              -.02750     64
     240  r     65    EQ          .00000          .00000          .               .              -.03368     65
     241  r     66    EQ          .               .               .               .              -.01971     66
     242  r     67    EQ          .00000          .00000          .               .              -.00563     67
     243  r     68    EQ          .00000          .00000          .               .              -.03022     68
     244  r     69    EQ          .00000          .00000          .               .              -.03689     69
     245  r     70    EQ          .00000          .00000          .               .              -.02154     70
     246  r     71    EQ          .00000          .00000          .               .              -.00051     71
     247  r     72    EQ          .00000          .00000          .               .              -.00270     72
     248  r     73    EQ          .00000          .00000          .               .              -.00320     73
     249  r     74    EQ          .00000          .00000          .               .              -.00182     74
     250  r     75    EQ          .00000          .00000          .               .              -.00052     75
     251  r     76    EQ          .               .               .               .              -.00272     76
     252  r     77    EQ          .00000          .00000          .               .              -.00322     77
     253  r     78    EQ          .00000          .00000          .               .              -.00183     78
     254  r     79    EQ          .00000          .00000          .               .              -.00017     79
     255  r     80    EQ          .00000          .00000          .               .              -.00093     80
     256  r     81    EQ          .00000          .00000          .               .              -.00130     81
     257  r     82    EQ          .00000          .00000          .               .              -.00117     82
     258  r     83    EQ          .00000          .00000          .               .              -.00060     83
     259  r     84    EQ          .00000          .00000          .               .              -.00026     84
     260  r     85    EQ          .00000          .00000          .               .              -.00137     85
     261  r     86    EQ          .00000          .00000          .               .              -.00162     86
     262  r     87    EQ          .00000          .00000          .               .              -.00092     87
     263  r     88    EQ          .00000          .00000          .               .              -.00157     88
     264  r     89    EQ          .00000          .00000          .               .              -.00830     89
     265  r     90    EQ          .00000          .00000          .               .              -.00987     90
     266  r     91    EQ          .00000          .00000          .               .              -.00564     91
     267  r     92    EQ          .00000          .00000          .               .              -.00160     92
     268  r     93    EQ          .00000          .00000          .               .              -.00847     93
     269  r     94    EQ          .00000          .00000          .               .              -.01007     94
     270  r     95    EQ          .00000          .00000          .               .              -.00576     95
     271  r     96    EQ          .00000          .00000          .               .              -.00163     96
     272  r     97    EQ          .00000          .00000          .               .              -.00864     97
     273  r     98    EQ          .00000          .00000          .               .              -.01027     98
     274  r     99    EQ          .00000          .00000          .               .              -.00587     99
     275  r    100    EQ          .00000          .00000          .               .              -.00667    100
     276  r    101    EQ          .00000          .00000          .               .              -.03567    101
     277  r    102    EQ          .00000          .00000          .               .              -.04332    102
     278  r    103    EQ          .00000          .00000          .               .              -.02519    103
     279  r    104    EQ          .00000          .00000          .               .              -.02874    104
     280  r    105    EQ          .00000          .00000          .               .              -.16049    105
     281  r    106    EQ          .00000          .00000          .               .              -.20889    106
     282  r    107    EQ          .00000          .00000          .               .              -.12800    107
     283  r    108    EQ          .00000          .00000          .               .              -.03702    108
     284  r    109    EQ          .00000          .00000          .               .              -.20402    109
     285  r    110    EQ          .00000          .00000          .               .              -.26028    110
     286  r    111    EQ          .00000          .00000          .               .              -.15719    111
     287  r    112    EQ          .00000          .00000          .               .              -.04529    112
     288  r    113    EQ          .00000          .00000          .               .              -.24756    113
     289  r    114    EQ          .00000          .00000          .               .              -.31168    114
     290  r    115    EQ          .00000          .00000          .               .              -.18637    115
     291  r    116    BS         4.23944         4.23944          .                None           .         116
1
 
 Section 2 - Columns

  Number  .Column. State  ...Activity...  .Obj Gradient.  ..Lower Limit.  ..Upper Limit.  Reduced Gradnt    m+j
 
       1  x      1    EQ        10.00000          .             10.00000        10.00000          .39037    117
       2  x      2    BS         9.61399          .            -20.00000        20.00000          .00000    118
       3  x      3    BS         8.79802          .            -20.00000        20.00000          .00000    119
       4  x      4    BS         7.97670          .            -20.00000        20.00000          .00000    120
       5  x      5    BS         7.72909          .            -20.00000        20.00000          .00000    121
       6  x      6    BS         7.57639          .            -20.00000        20.00000          .00000    122
       7  x      7    BS         7.29639          .            -20.00000        20.00000          .00000    123
       8  x      8    BS         7.05076          .            -20.00000        20.00000          .00000    124
       9  x      9    BS         6.98164          .            -20.00000        20.00000          .00000    125
      10  x     10    BS         6.81367          .            -20.00000        20.00000          .00000    126
      11  x     11    BS         6.50648          .            -20.00000        20.00000          .00000    127
      12  x     12    BS         6.23778          .            -20.00000        20.00000          .00000    128
      13  x     13    BS         6.16229          .            -20.00000        20.00000          .00000    129
      14  x     14    BS         6.14715          .            -20.00000        20.00000          .00000    130
      15  x     15    BS         6.12012          .            -20.00000        20.00000          .00000    131
      16  x     16    BS         6.09712          .            -20.00000        20.00000          .00000    132
      17  x     17    BS         6.09077          .            -20.00000        20.00000          .00000    133
      18  x     18    BS         6.07552          .            -20.00000        20.00000          .00000    134
      19  x     19    BS         6.04830          .            -20.00000        20.00000          .00000    135
      20  x     20    BS         6.02515          .            -20.00000        20.00000          .00000    136
      21  x     21    BS         6.01875          .            -20.00000        20.00000          .00000    137
      22  x     22    BS         6.01369          .            -20.00000        20.00000          .00000    138
      23  x     23    BS         6.00369          .            -20.00000        20.00000          .00000    139
      24  x     24    BS         5.99259          .            -20.00000        20.00000          .00000    140
      25  x     25    BS         5.98464          .            -20.00000        20.00000          .00000    141
      26  x     26    BS         5.98258          .            -20.00000        20.00000          .00000    142
      27  x     27    BS         5.97490          .            -20.00000        20.00000          .00000    143
      28  x     28    BS         5.96125          .            -20.00000        20.00000          .00000    144
      29  x     29    BS         5.94968          .            -20.00000        20.00000          .00000    145
      30  x     30    BS         5.94648          .            -20.00000        20.00000          .00000    146
      31  x     31    BS         5.90066          .            -20.00000        20.00000          .00000    147
      32  x     32    BS         5.81947          .            -20.00000        20.00000          .00000    148
      33  x     33    BS         5.75104          .            -20.00000        20.00000          .00000    149
      34  x     34    BS         5.73221          .            -20.00000        20.00000          .00000    150
      35  x     35    BS         5.68722          .            -20.00000        20.00000          .00000    151
      36  x     36    BS         5.60753          .            -20.00000        20.00000          .00000    152
      37  x     37    BS         5.54035          .            -20.00000        20.00000          .00000    153
      38  x     38    BS         5.52187          .            -20.00000        20.00000          .00000    154
      39  x     39    BS         5.47772          .            -20.00000        20.00000          .00000    155
      40  x     40    BS         5.39951          .            -20.00000        20.00000          .00000    156
      41  x     41    BS         5.33359          .            -20.00000        20.00000          .00000    157
      42  x     42    BS         5.31547          .            -20.00000        20.00000          .00000    158
      43  x     43    BS         5.14324          .            -20.00000        20.00000          .00000    159
      44  x     44    BS         4.84352          .            -20.00000        20.00000          .00000    160
      45  x     45    BS         4.59627          .            -20.00000        20.00000          .00000    161
      46  x     46    BS         4.52916          .            -20.00000        20.00000          .00000    162
      47  x     47    BS         3.91070          .            -20.00000        20.00000          .00000    163
      48  x     48    BS         2.92157          .            -20.00000        20.00000          .00000    164
      49  x     49    BS         2.19523          .            -20.00000        20.00000          .00000    165
      50  x     50    BS         2.01296          .            -20.00000        20.00000          .00000    166
      51  x     51    BS         1.60822          .            -20.00000        20.00000          .00000    167
      52  x     52    BS          .99973          .            -20.00000        20.00000          .00000    168
      53  x     53    BS          .59635          .            -20.00000        20.00000          .00000    169
      54  x     54    BS          .50324          .            -20.00000        20.00000          .00000    170
      55  x     55    BS          .31221          .            -20.00000        20.00000          .00000    171
      56  x     56    BS          .08437          .            -20.00000        20.00000          .00000    172
      57  x     57    BS          .00395          .            -20.00000        20.00000          .00000    173
      58  x     58    EQ          .               .               .               .              -.39037    174
      59  x     59    EQ        -2.00000          .             -2.00000        -2.00000         -.48781    175
      60  x     60    BS        -2.28807          .            -20.00000        20.00000          .00000    176
      61  x     61    BS        -2.80113          .            -20.00000        20.00000          .00000    177
      62  x     62    BS        -3.23644          .            -20.00000        20.00000          .00000    178
      63  x     63    BS        -3.35662          .            -20.00000        20.00000          .00000    179
      64  x     64    BS        -3.42864          .            -20.00000        20.00000          .00000    180
      65  x     65    BS        -3.55690          .            -20.00000        20.00000          .00000    181
      66  x     66    BS        -3.66573          .            -20.00000        20.00000          .00000    182
      67  x     67    BS        -3.69578          .            -20.00000        20.00000          .00000    183
      68  x     68    BS        -3.76779          .            -20.00000        20.00000          .00000    184
      69  x     69    BS        -3.89606          .            -20.00000        20.00000          .00000    185
      70  x     70    BS        -4.00489          .            -20.00000        20.00000          .00000    186
      71  x     71    BS        -4.03493          .            -20.00000        20.00000          .00000    187
      72  x     72    BS        -4.04093          .            -20.00000        20.00000          .00000    188
      73  x     73    BS        -4.05162          .            -20.00000        20.00000          .00000    189
      74  x     74    BS        -4.06069          .            -20.00000        20.00000          .00000    190
      75  x     75    BS        -4.06319          .            -20.00000        20.00000          .00000    191
      76  x     76    BS        -4.06919          .            -20.00000        20.00000          .00000    192
      77  x     77    BS        -4.07988          .            -20.00000        20.00000          .00000    193
      78  x     78    BS        -4.08895          .            -20.00000        20.00000          .00000    194
      79  x     79    BS        -4.09146          .            -20.00000        20.00000          .00000    195
      80  x     80    BS        -4.09346          .            -20.00000        20.00000          .00000    196
      81  x     81    BS        -4.09651          .            -20.00000        20.00000          .00000    197
      82  x     82   SBS        -4.09607          .            -20.00000        20.00000          .00000    198
      83  x     83    BS        -4.09348          .            -20.00000        20.00000          .00000    199
      84  x     84    BS        -4.09282          .            -20.00000        20.00000          .00000    200
      85  x     85    BS        -4.09020          .            -20.00000        20.00000          .00000    201
      86  x     86    BS        -4.08552          .            -20.00000        20.00000          .00000    202
      87  x     87    BS        -4.08156          .            -20.00000        20.00000          .00000    203
      88  x     88    BS        -4.08046          .            -20.00000        20.00000          .00000    204
      89  x     89    BS        -4.06471          .            -20.00000        20.00000          .00000    205
      90  x     90    BS        -4.03665          .            -20.00000        20.00000          .00000    206
      91  x     91    BS        -4.01284          .            -20.00000        20.00000          .00000    207
      92  x     92    BS        -4.00627          .            -20.00000        20.00000          .00000    208
      93  x     93    BS        -3.99052          .            -20.00000        20.00000          .00000    209
      94  x     94    BS        -3.96246          .            -20.00000        20.00000          .00000    210
      95  x     95    BS        -3.93865          .            -20.00000        20.00000          .00000    211
      96  x     96    BS        -3.93208          .            -20.00000        20.00000          .00000    212
      97  x     97    BS        -3.91633          .            -20.00000        20.00000          .00000    213
      98  x     98    BS        -3.88827          .            -20.00000        20.00000          .00000    214
      99  x     99    BS        -3.86446          .            -20.00000        20.00000          .00000    215
     100  x    100    BS        -3.85789          .            -20.00000        20.00000          .00000    216
     101  x    101    BS        -3.79487          .            -20.00000        20.00000          .00000    217
     102  x    102    BS        -3.68264          .            -20.00000        20.00000          .00000    218
     103  x    103    BS        -3.58742          .            -20.00000        20.00000          .00000    219
     104  x    104    BS        -3.56113          .            -20.00000        20.00000          .00000    220
     105  x    105    BS        -3.30907          .            -20.00000        20.00000          .00000    221
     106  x    106    BS        -2.86014          .            -20.00000        20.00000          .00000    222
     107  x    107    BS        -2.47924          .            -20.00000        20.00000          .00000    223
     108  x    108    BS        -2.37409          .            -20.00000        20.00000          .00000    224
     109  x    109    BS        -2.12203          .            -20.00000        20.00000          .00000    225
     110  x    110    BS        -1.67310          .            -20.00000        20.00000          .00000    226
     111  x    111    BS        -1.29220          .            -20.00000        20.00000          .00000    227
     112  x    112    BS        -1.18704          .            -20.00000        20.00000          .00000    228
     113  x    113    BS         -.93499          .            -20.00000        20.00000          .00000    229
     114  x    114    BS         -.48605          .            -20.00000        20.00000          .00000    230
     115  x    115    BS         -.10516          .            -20.00000        20.00000          .00000    231
     116  x    116    EQ          .               .               .               .              2.14278    232
     117  x    117    LL          .               .05299          .              3.00000          .02714    233
     118  x    118    LL          .               .27882          .              3.00000          .12321    234
     119  x    119    LL          .               .32914          .              3.00000          .10425    235
     120  x    120    LL          .               .18693          .              3.00000          .03935    236
     121  x    121    LL          .               .01325          .              3.00000          .00240    237
     122  x    122    LL          .               .06971          .              3.00000          .01141    238
     123  x    123    LL          .               .08229          .              3.00000          .01089    239
     124  x    124    LL          .               .04673          .              3.00000          .00494    240
     125  x    125    LL          .               .01325          .              3.00000          .00130    241
     126  x    126    LL          .               .06971          .              3.00000          .00564    242
     127  x    127    LL          .               .08229          .              3.00000          .00408    243
     128  x    128    LL          .               .04673          .              3.00000          .00108    244
     129  x    129    LL          .               .00110          .              3.00000          .00002    245
     130  x    130    LL          .               .00581          .              3.00000          .00008    246
     131  x    131    LL          .               .00686          .              3.00000          .00008    247
     132  x    132    LL          .               .00389          .              3.00000          .00004    248
     133  x    133    LL          .               .00110          .              3.00000          .00001    249
     134  x    134    LL          .               .00581          .              3.00000          .00004    250
     135  x    135    LL          .               .00686          .              3.00000          .00003    251
     136  x    136    LL          .               .00389          .              3.00000          .00001    252
     137  x    137 A  LL          .               .00035          .              3.00000          .00000    253
     138  x    138    LL          .               .00197          .              3.00000          .00000    254
     139  x    139    BS          .89483          .00275          .              3.00000          .00000    255
     140  x    140    BS         2.61199          .00248          .              3.00000          .00000    256
     141  x    141    UL         3.00000          .00127          .              3.00000          .00000    257
     142  x    142 A  UL         3.00000          .00055          .              3.00000          .00000    258
     143  x    143    UL         3.00000          .00290          .              3.00000         -.00001    259
     144  x    144    UL         3.00000          .00343          .              3.00000         -.00001    260
     145  x    145    UL         3.00000          .00195          .              3.00000         -.00001    261
     146  x    146    UL         3.00000          .00331          .              3.00000         -.00002    262
     147  x    147    UL         3.00000          .01743          .              3.00000         -.00016    263
     148  x    148    UL         3.00000          .02057          .              3.00000         -.00035    264
     149  x    149    UL         3.00000          .01168          .              3.00000         -.00028    265
     150  x    150    UL         3.00000          .00331          .              3.00000         -.00009    266
     151  x    151    UL         3.00000          .01743          .              3.00000         -.00052    267
     152  x    152    UL         3.00000          .02057          .              3.00000         -.00078    268
     153  x    153    UL         3.00000          .01168          .              3.00000         -.00052    269
     154  x    154    UL         3.00000          .00331          .              3.00000         -.00015    270
     155  x    155    UL         3.00000          .01743          .              3.00000         -.00088    271
     156  x    156    UL         3.00000          .02057          .              3.00000         -.00120    272
     157  x    157    UL         3.00000          .01168          .              3.00000         -.00076    273
     158  x    158    UL         3.00000          .01325          .              3.00000         -.00089    274
     159  x    159    UL         3.00000          .06971          .              3.00000         -.00590    275
     160  x    160    UL         3.00000          .08229          .              3.00000         -.00954    276
     161  x    161    UL         3.00000          .04673          .              3.00000         -.00666    277
     162  x    162    UL         3.00000          .05299          .              3.00000         -.00794    278
     163  x    163    UL         3.00000          .27882          .              3.00000         -.06136    279
     164  x    164    UL         3.00000          .32914          .              3.00000         -.11364    280
     165  x    165    UL         3.00000          .18693          .              3.00000         -.08439    281
     166  x    166    UL         3.00000          .05299          .              3.00000         -.02548    282
     167  x    167    UL         3.00000          .27882          .              3.00000         -.15365    283
     168  x    168    UL         3.00000          .32914          .              3.00000         -.22258    284
     169  x    169    UL         3.00000          .18693          .              3.00000         -.14626    285
     170  x    170    UL         3.00000          .05299          .              3.00000         -.04302    286
     171  x    171    UL         3.00000          .27882          .              3.00000         -.24594    287
     172  x    172    UL         3.00000          .32914          .              3.00000         -.33153    288
     173  x    173    UL         3.00000          .18693          .              3.00000         -.20813    289
     174  x    174 A  EQ          .             -2.07176          .               .               .00000    290
     175  x    175    BS         4.23944         2.07176          .           1000.00000          .00000    291
 
 Time for MPS input                              .00 seconds
 Time for solving problem                        .02 seconds
 Time for solution output                        .00 seconds
 Time for constraint functions                   .02 seconds
 Time for objective function                     .00 seconds
