      Timing level               3
      Hessian Limited Memory
      LU Partial Pivoting
      Verify Level              -1
      Cold Start
      Iteration Limit         1000000
      Major Iterations Limit          100000
      Minor Iterations Limit          100000
      Major Optimality Tolerance  1.00000000E-06
      Major Feasibility Tolerance  2.00000000E-06
1
 
 Parameters
 ==========

 Files
 -----
 Solution file..........         0       Old basis file ........         0       Standard input.........         5
 Insert file............         0       New basis file ........         0       (Printer)..............         9
 Punch file.............         0       Backup basis file......         0       (Specs file)...........         0
 Load file..............         0       Dump file..............         0       Standard output........         6

 Frequencies
 -----------
 Print frequency........       100       Check frequency........        60       Save new basis map.....       100
 Summary frequency......       100       Factorization frequency        50       Expand frequency.......     10000

 QP subproblems
 --------------
 QPsolver Cholesky......
 Scale tolerance........      .900       Minor feasibility tol..  1.00E-06       Iteration limit........   1000000
 Scale option...........         0       Minor optimality  tol..  5.00E-07       Minor print level......         1
 Crash tolerance........      .100       Pivot tolerance........  3.25E-11       Partial price..........         1
 Crash option...........         3       Elastic weight.........  1.00E+04       Prtl price section ( A)       105
                                         New superbasics........        99       Prtl price section (-I)        53

 The SQP Method
 --------------
 Minimize...............                 Cold start.............                 Proximal Point method..         1
 Nonlinear objectiv vars       105       Objective Row..........         1       Function precision.....  3.00E-13
 Unbounded step size....  1.00E+20       Superbasics limit......       105       Difference interval....  5.48E-07
 Unbounded objective....  1.00E+15       Reduced Hessian dim....       105       Central difference int.  6.70E-05
 Major step limit.......  2.00E+00       Derivative linesearch..                 Derivative option......         1
 Major iterations limit.    100000       Linesearch tolerance...    .90000       Verify level...........        -1
 Minor iterations limit.    100000       Penalty parameter......  0.00E+00       Major Print Level......         1
                                         Major optimality tol...  1.00E-06

 Hessian Approximation
 ---------------------
 Limited-Memory Hessian.                 Hessian updates........        10       Hessian frequency......  99999999
                                                                                 Hessian flush..........  99999999

 Nonlinear constraints
 ---------------------
 Nonlinear constraints..        51       Major feasibility tol..  2.00E-06       Violation limit........  1.00E+06
 Nonlinear Jacobian vars       105

 Miscellaneous
 -------------
 LU factor tolerance....      3.99       LU singularity tol.....  3.25E-11       Timing level...........         3
 LU update tolerance....      3.99       LU swap tolerance......  1.22E-04       Debug level............         0
 LU partial  pivoting...                 eps (machine precision)  2.22E-16       System information.....        No
                                                                                 Sticky parameters......       Yes
1
 

 

 Matrix statistics
 -----------------
               Total      Normal        Free       Fixed     Bounded
 Rows             53           1           1          51           0
 Columns         105           0           0           3         102

 No. of matrix elements                  648     Density      11.644
 Biggest  constant element        0.0000E+00  (excluding fixed columns,
 Smallest constant element        0.0000E+00   free rows, and RHS)

 No. of objective coefficients             0

 Nonlinear constraints      51     Linear constraints       2
 Nonlinear variables       105     Linear variables         0
 Jacobian  variables       105     Objective variables    105
 Total constraints          53     Total variables        105
1
 

 
 The user has defined     530   out of     530   first  derivatives
1
 
 

   Itns Major Minors    Step   nCon Feasible  Optimal  MeritFunction     L+U BSwap     nS  condHz Penalty
      4     0      4              1  3.0E-04  3.1E-06  5.7995809E-01      73            2 2.1E+00         _  r
     21     1     17 2.4E-05      3  3.0E-04 (5.5E-07) 5.7995809E-01      67           15 5.2E+02         _n r
     22     2      1 8.5E-02      5  2.7E-04 (3.7E-07) 5.7995809E-01      63           15 5.2E+02         _s
     24     3      2 1.0E+00      6 (4.6E-09)(8.8E-07) 5.7995809E-01      63           16 8.5E+02         _
1
 
 SNOPTA EXIT   0 -- finished successfully
 SNOPTA INFO   1 -- optimality conditions satisfied

 Problem name
 No. of iterations                  24   Objective value      5.7995809059E-01
 No. of major iterations             3   Linear objective     0.0000000000E+00
 Penalty parameter           0.000E+00   Nonlinear objective  5.7995809059E-01
 No. of calls to funobj              6   No. of calls to funcon              6
 No. of superbasics                 16   No. of basic nonlinears            51
 No. of degenerate steps             0   Percentage                        .00
 Max x                       1 2.0E+00   Max pi                     53 1.0E+00
 Max Primal infeas           0 0.0E+00   Max Dual infeas           103 1.8E-06
 Nonlinear constraint violn    4.2E-08
1
 
 Name                                    Objective Value      5.7995809059E-01

 Status         Optimal Soln             Iteration     24    Superbasics    16

 Objective               (Min)
 RHS
 Ranges
 Bounds

 Section 1 - Rows

  Number  ...Row.. State  ...Activity...  Slack Activity  ..Lower Limit.  ..Upper Limit.  .Dual Activity    ..i
 
     106  r      1    BS          .               .                None            None         -1.0          1
     107  r      2    EQ          .00000          .00000          .               .               .01307      2
     108  r      3    EQ          .00000          .00000          .               .               .06794      3
     109  r      4    EQ          .00000          .00000          .               .               .07811      4
     110  r      5    EQ          .00000          .00000          .               .               .04314      5
     111  r      6    EQ          .00000          .00000          .               .               .01213      6
     112  r      7    EQ          .00000          .00000          .               .               .06237      7
     113  r      8    EQ          .00000          .00000          .               .               .07018      8
     114  r      9    EQ          .00000          .00000          .               .               .03793      9
     115  r     10    EQ          .00000          .00000          .               .               .01059     10
     116  r     11    EQ          .00000          .00000          .               .               .05351     11
     117  r     12    EQ          .00000          .00000          .               .               .05801     12
     118  r     13    EQ          .00000          .00000          .               .               .03016     13
     119  r     14    EQ          .00000          .00000          .               .               .00832     14
     120  r     15    EQ          .00000          .00000          .               .               .04073     15
     121  r     16    EQ          .00000          .00000          .               .               .04124     16
     122  r     17    EQ          .00000          .00000          .               .               .01993     17
     123  r     18    EQ          .00000          .00000          .               .               .00537     18
     124  r     19    EQ          .00000          .00000          .               .               .02472     19
     125  r     20    EQ          .00000          .00000          .               .               .02182     20
     126  r     21    EQ          .00000          .00000          .               .               .00905     21
     127  r     22    EQ          .               .               .               .               .00148     22
     128  r     23    EQ          .00000          .00000          .               .               .00696     23
     129  r     24    EQ          .00000          .00000          .               .               .00649     24
     130  r     25    EQ          .00000          .00000          .               .               .00330     25
     131  r     26    EQ          .00000          .00000          .               .               .00100     26
     132  r     27    EQ          .00000          .00000          .               .               .00017     27
     133  r     28    EQ          .00000          .00000          .               .               .00071     28
     134  r     29    EQ          .00000          .00000          .               .               .00053     29
     135  r     30    EQ          .00000          .00000          .               .               .00017     30
     136  r     31    EQ          .00000          .00000          .               .               .00003     31
     137  r     32    EQ          .00000          .00000          .               .               .00000     32
     138  r     33 A  EQ          .00000          .00000          .               .               .00000     33
     139  r     34 A  EQ          .00000          .00000          .               .               .00000     34
     140  r     35 A  EQ          .00000          .00000          .               .               .00000     35
     141  r     36 A  EQ          .00000          .00000          .               .               .00000     36
     142  r     37 A  EQ          .00000          .00000          .               .               .00000     37
     143  r     38 A  EQ          .00000          .00000          .               .               .00000     38
     144  r     39 A  EQ          .00000          .00000          .               .               .00000     39
     145  r     40 A  EQ          .00000          .00000          .               .               .00000     40
     146  r     41 A  EQ          .00000          .00000          .               .               .00000     41
     147  r     42 A  EQ          .               .               .               .               .00000     42
     148  r     43 A  EQ          .00000          .00000          .               .               .00000     43
     149  r     44 A  EQ          .00000          .00000          .               .               .00000     44
     150  r     45 A  EQ          .00000          .00000          .               .               .00000     45
     151  r     46 A  EQ          .00000          .00000          .               .               .00000     46
     152  r     47 A  EQ          .00000          .00000          .               .               .00000     47
     153  r     48 A  EQ          .00000          .00000          .               .               .00000     48
     154  r     49 A  EQ          .00000          .00000          .               .               .00000     49
     155  r     50 A  EQ          .00000          .00000          .               .               .00000     50
     156  r     51 A  EQ          .00000          .00000          .               .               .00000     51
     157  r     52 A  EQ          .00000          .00000          .               .               .00000     52
     158  r     53    BS         2.00000         2.00000          .                None           .          53
1
 
 Section 2 - Columns

  Number  .Column. State  ...Activity...  .Obj Gradient.  ..Lower Limit.  ..Upper Limit.  Reduced Gradnt    m+j
 
       1  x      1    EQ         2.00000          .00271         2.00000         2.00000          .83670     54
       2  x      2   SBS         1.94824          .01485         1.0            10.00000          .00000     55
       3  x      3   SBS         1.85756          .01886         1.0            10.00000          .00000     56
       4  x      4 A  FR         1.78230          .01138         1.0            10.00000          .00000     57
       5  x      5   SBS         1.76182          .00328         1.0            10.00000          .00000     58
       6  x      6   SBS         1.71331          .01794         1.0            10.00000          .00000     59
       7  x      7 A  FR         1.62904          .02265         1.0            10.00000          .00000     60
       8  x      8   SBS         1.55993          .01356         1.0            10.00000          .00000     61
       9  x      9 A  FR         1.54128          .00390         1.0            10.00000          .00000     62
      10  x     10   SBS         1.49735          .02117         1.0            10.00000          .00000     63
      11  x     11 A  FR         1.42209          .02628         1.0            10.00000          .00000     64
      12  x     12 A  FR         1.36154          .01544         1.0            10.00000          .00000     65
      13  x     13 A  FR         1.34541          .00441         1.0            10.00000          .00000     66
      14  x     14   SBS         1.30783          .02355         1.0            10.00000          .00000     67
      15  x     15 A  FR         1.24500          .02811         1.0            10.00000          .00000     68
      16  x     16 A  FR         1.19622          .01580         1.0            10.00000          .00000     69
      17  x     17 A  FR         1.18355          .00445         1.0            10.00000          .00000     70
      18  x     18   SBS         1.15466          .02284         1.0            10.00000          .00000     71
      19  x     19 A  FR         1.10877          .02488         1.0            10.00000          .00000     72
      20  x     20 A  FR         1.07588          .01257         1.0            10.00000          .00000     73
      21  x     21 A  FR         1.06784          .00219         1.0            10.00000          .00000     74
      22  x     22   SBS         1.05611          .01128         1.0            10.00000          .00000     75
      23  x     23 A  FR         1.03639          .01289         1.0            10.00000          .00000     76
      24  x     24 A  FR         1.02001          .00844         1.0            10.00000          .00000     77
      25  x     25   SBS         1.01172          .00313         1.0            10.00000          .00000     78
      26  x     26   SBS         1.01001          .00055         1.0            10.00000          .00000     79
      27  x     27   SBS         1.00746          .00261         1.0            10.00000          .00000     80
      28  x     28 A  FR         1.00361          .00243         1.0            10.00000          .00000     81
      29  x     29 A  FR         1.00109          .00110         1.0            10.00000          .00000     82
      30  x     30 A  FR         1.00023          .00026         1.0            10.00000          .00000     83
      31  x     31 A  FR         1.00005          .00004         1.0            10.00000          .00000     84
      32  x     32 A  FR         1.00004          .00001         1.0            10.00000          .00000     85
      33  x     33   SBS         1.00001          .00002         1.0            10.00000          .00000     86
      34  x     34   SBS         1.00000          .00000         1.0            10.00000          .00000     87
      35  x     35 D SBS         1.00000          .00000         1.0            10.00000          .00000     88
      36  x     36 A  LL         1.0              .00000         1.0            10.00000          .00000     89
      37  x     37 A  LL         1.0              .00000         1.0            10.00000          .00000     90
      38  x     38 A  LL         1.0              .00000         1.0            10.00000          .00000     91
      39  x     39 A  LL         1.0              .00000         1.0            10.00000          .00000     92
      40  x     40 A  LL         1.0              .00000         1.0            10.00000          .00000     93
      41  x     41 A  LL         1.0              .00000         1.0            10.00000          .00000     94
      42  x     42 A  LL         1.0              .00001         1.0            10.00000          .00000     95
      43  x     43 A  LL         1.0              .00001         1.0            10.00000          .00000     96
      44  x     44 A  LL         1.0              .00000         1.0            10.00000          .00000     97
      45  x     45 A  LL         1.0              .00001         1.0            10.00000          .00000     98
      46  x     46 A  LL         1.0              .00002         1.0            10.00000          .00000     99
      47  x     47 D  BS         1.00000          .00002         1.0            10.00000          .00000    100
      48  x     48 D  BS         1.00000          .00001         1.0            10.00000          .00000    101
      49  x     49 A  LL         1.0              .00005         1.0            10.00000          .00000    102
      50  x     50 D SBS         1.0              .00022         1.0            10.00000          .00000    103
      51  x     51    LL         1.0              .00270         1.0            10.00000          .00000    104
      52  x     52 A  LL         1.0              .              1.0            10.00000          .00000    105
      53  x     53    BS        -1.67341         -.01307      -100.00000       100.00000          .00000    106
      54  x     54    BS        -1.61011         -.06984      -100.00000       100.00000          .00000    107
      55  x     55    BS        -1.49503         -.08457      -100.00000       100.00000          .00000    108
      56  x     56    BS        -1.39519         -.04897      -100.00000       100.00000          .00000    109
      57  x     57    BS        -1.36729         -.01395      -100.00000       100.00000          .00000    110
      58  x     58    BS        -1.29988         -.07422      -100.00000       100.00000          .00000    111
      59  x     59    BS        -1.17812         -.08906      -100.00000       100.00000          .00000    112
      60  x     60    BS        -1.07347         -.05107      -100.00000       100.00000          .00000    113
      61  x     61    BS        -1.04438         -.01451      -100.00000       100.00000          .00000    114
      62  x     62    BS         -.97462         -.07654      -100.00000       100.00000          .00000    115
      63  x     63    BS         -.85010         -.09022      -100.00000       100.00000          .00000    116
      64  x     64    BS         -.74508         -.05075      -100.00000       100.00000          .00000    117
      65  x     65    BS         -.71621         -.01432      -100.00000       100.00000          .00000    118
      66  x     66    BS         -.64793         -.07436      -100.00000       100.00000          .00000    119
      67  x     67    BS         -.52901         -.08450      -100.00000       100.00000          .00000    120
      68  x     68    BS         -.43256         -.04564      -100.00000       100.00000          .00000    121
      69  x     69    BS         -.40677         -.01271      -100.00000       100.00000          .00000    122
      70  x     70    BS         -.34720         -.06367      -100.00000       100.00000          .00000    123
      71  x     71    BS         -.24925         -.06659      -100.00000       100.00000          .00000    124
      72  x     72    BS         -.17658         -.03265      -100.00000       100.00000          .00000    125
      73  x     73    BS         -.15846         -.00563      -100.00000       100.00000          .00000    126
      74  x     74    BS         -.13181         -.02876      -100.00000       100.00000          .00000    127
      75  x     75    BS         -.08629         -.03225      -100.00000       100.00000          .00000    128
      76  x     76    BS         -.04784         -.02077      -100.00000       100.00000          .00000    129
      77  x     77    BS         -.02813         -.00764      -100.00000       100.00000          .00000    130
      78  x     78    BS         -.02404         -.00134      -100.00000       100.00000          .00000    131
      79  x     79    BS         -.01794         -.00634      -100.00000       100.00000          .00000    132
      80  x     80    BS         -.00870         -.00588      -100.00000       100.00000          .00000    133
      81  x     81    BS         -.00264         -.00266      -100.00000       100.00000          .00000    134
      82  x     82    BS         -.00054         -.00063      -100.00000       100.00000          .00000    135
      83  x     83    BS         -.00013         -.00010      -100.00000       100.00000          .00000    136
      84  x     84    BS         -.00008         -.00001      -100.00000       100.00000          .00000    137
      85  x     85    BS         -.00004         -.00004      -100.00000       100.00000          .00000    138
      86  x     86    BS          .00000         -.00001      -100.00000       100.00000          .00000    139
      87  x     87    BS          .00000          .00000      -100.00000       100.00000          .00000    140
      88  x     88    BS          .00000          .00000      -100.00000       100.00000          .00000    141
      89  x     89    BS          .00000          .00000      -100.00000       100.00000          .         142
      90  x     90    BS          .00000          .00000      -100.00000       100.00000          .         143
      91  x     91    BS          .00000          .00000      -100.00000       100.00000          .         144
      92  x     92    BS          .00000          .00000      -100.00000       100.00000          .         145
      93  x     93    BS          .00000          .00000      -100.00000       100.00000          .         146
      94  x     94    BS          .00000          .00001      -100.00000       100.00000          .00000    147
      95  x     95    BS          .00000          .00001      -100.00000       100.00000          .00000    148
      96  x     96    BS          .00000          .00000      -100.00000       100.00000          .00000    149
      97  x     97    BS          .00000          .00001      -100.00000       100.00000          .00000    150
      98  x     98    BS          .00000          .00002      -100.00000       100.00000          .00000    151
      99  x     99 A  FR          .00000          .00002      -100.00000       100.00000          .00000    152
     100  x    100 A  FR          .00000          .00001      -100.00000       100.00000          .00000    153
     101  x    101    BS          .00000          .00005      -100.00000       100.00000          .00000    154
     102  x    102    BS          .00000          .00022      -100.00000       100.00000          .00000    155
     103  x    103    BS          .00000          .00270      -100.00000       100.00000          .00000    156
     104  x    104 A  EQ        -1.0              .28998        -1.0            -1.0              .00000    157
     105  x    105 A  EQ         1.0              .49503         1.0             1.0              .00000    158
 
 Time for MPS input                              .00 seconds
 Time for solving problem                        .01 seconds
 Time for solution output                        .00 seconds
 Time for constraint functions                   .05 seconds
 Time for objective function                     .00 seconds
