      Timing level               3
      Hessian Limited Memory
      LU Partial Pivoting
      Verify Level              -1
      Cold Start
      Iteration Limit         1000000
      Major Iterations Limit          100000
      Minor Iterations Limit          100000
      Major Optimality Tolerance  1.00000000E-06
      Major Feasibility Tolerance  2.00000000E-06
1
 
 Parameters
 ==========

 Files
 -----
 Solution file..........         0       Old basis file ........         0       Standard input.........         5
 Insert file............         0       New basis file ........         0       (Printer)..............         9
 Punch file.............         0       Backup basis file......         0       (Specs file)...........         0
 Load file..............         0       Dump file..............         0       Standard output........         6

 Frequencies
 -----------
 Print frequency........       100       Check frequency........        60       Save new basis map.....       100
 Summary frequency......       100       Factorization frequency        50       Expand frequency.......     10000

 QP subproblems
 --------------
 QPsolver Cholesky......
 Scale tolerance........      .900       Minor feasibility tol..  1.00E-06       Iteration limit........   1000000
 Scale option...........         0       Minor optimality  tol..  5.00E-07       Minor print level......         1
 Crash tolerance........      .100       Pivot tolerance........  3.25E-11       Partial price..........         1
 Crash option...........         3       Elastic weight.........  1.00E+04       Prtl price section ( A)        85
                                         New superbasics........        99       Prtl price section (-I)        62

 The SQP Method
 --------------
 Minimize...............                 Cold start.............                 Proximal Point method..         1
 Nonlinear objectiv vars        85       Objective Row..........         1       Function precision.....  3.00E-13
 Unbounded step size....  1.00E+20       Superbasics limit......        85       Difference interval....  5.48E-07
 Unbounded objective....  1.00E+15       Reduced Hessian dim....        85       Central difference int.  6.70E-05
 Major step limit.......  2.00E+00       Derivative linesearch..                 Derivative option......         1
 Major iterations limit.    100000       Linesearch tolerance...    .90000       Verify level...........        -1
 Minor iterations limit.    100000       Penalty parameter......  0.00E+00       Major Print Level......         1
                                         Major optimality tol...  1.00E-06

 Hessian Approximation
 ---------------------
 Limited-Memory Hessian.                 Hessian updates........        10       Hessian frequency......  99999999
                                                                                 Hessian flush..........  99999999

 Nonlinear constraints
 ---------------------
 Nonlinear constraints..        60       Major feasibility tol..  2.00E-06       Violation limit........  1.00E+06
 Nonlinear Jacobian vars        85

 Miscellaneous
 -------------
 LU factor tolerance....      3.99       LU singularity tol.....  3.25E-11       Timing level...........         3
 LU update tolerance....      3.99       LU swap tolerance......  1.22E-04       Debug level............         0
 LU partial  pivoting...                 eps (machine precision)  2.22E-16       System information.....        No
                                                                                 Sticky parameters......       Yes
1
 

 

 Matrix statistics
 -----------------
               Total      Normal        Free       Fixed     Bounded
 Rows             62           1           1          60           0
 Columns          85           0           0           6          79

 No. of matrix elements                 2762     Density      52.410
 Biggest  constant element        1.0000E+00  (excluding fixed columns,
 Smallest constant element        1.0000E+00   free rows, and RHS)

 No. of objective coefficients             0

 Nonlinear constraints      60     Linear constraints       2
 Nonlinear variables        85     Linear variables         0
 Jacobian  variables        85     Objective variables     85
 Total constraints          62     Total variables         85
1
 

 
 The user has defined    1645   out of    1645   first  derivatives
1
 
 

   Itns Major Minors    Step   nCon Feasible  Optimal  MeritFunction     L+U BSwap     nS  condHz Penalty
     64     0     64              1  6.0E+00  1.0E+00  2.0000000E+01    1760           19 3.5E+02         _  r
     65     1      1 3.1E-01      2  4.3E+00  1.0E+00  2.3852824E+01    1591           19 1.0E+03 8.0E-04 _n rl
     67     2      2 4.2E-01      3  2.6E+00  4.9E-01  1.4977901E+01    1102    12     18 1.4E+01 8.0E-04 _s  l
     69     3      2 1.0E+00      5  1.1E+00 (1.3E-08) 3.2377594E+05    1225    16     18 1.0E+00 8.0E-04 _ Mr i
     72     4      3 3.5E-06      7  1.1E+00  1.6E-03  3.2377594E+05    1584           20 2.3E+00 8.0E-04 _s   i
     82     5     10 1.0E+00      9  1.0E+00  1.6E+00  3.1185183E+05    1692           11 1.7E+01 2.7E-01 _n   i
    108     6     26 3.9E-01     11  9.2E-01  1.4E+00  2.9995490E+05    1761     2      8 2.3E+05 2.7E-01 _    i
    132     7     24 1.0E+00     12  6.6E-01  2.8E+00  2.4749470E+05    1610            6 3.7E+07 2.7E-01 _    i
    217     8     85 1.0E+00     14  4.2E-01  4.8E+01 -4.0452230E+03    1757           16 1.1E+05 2.7E-01 _ M
    224     9      7 1.0E+00     15  5.1E-02  1.0E+01  4.3800794E+02    1794           17 3.9E+04 7.5E+02 _
    228    10      4 1.0E+00     16  1.3E-02  1.5E+00  6.3410703E+00    1684           18 3.2E+04 4.7E+01 _
    232    11      4 1.0E+00     17  6.6E-06  4.3E-01  2.0733291E+00    1699           19 3.2E+04 2.3E+01 _
    256    12     24 1.0E+00     18 (3.3E-09) 4.6E-01  2.0730947E+00    2014            7 9.6E+04 2.3E+01 _s
    266    13     10 5.1E-02     23  4.8E-03  4.2E-01  1.9920700E+00    1725     6      6 9.0E+05 2.3E+01 _
    275    14      9 9.7E-03     26  5.0E-03  4.2E-01  1.9747090E+00    1801            8 1.4E+02 2.3E+01 _
    289    15     14 1.4E-02     29  5.3E-03  3.3E-01  1.9511434E+00    1733           13 1.1E+04 2.3E+01 _  R
    304    16     15 1.1E-01     32  8.7E-03  3.6E-01  1.9103866E+00    1778            7 2.6E+05 2.3E+01 _s
    317    17     13 1.9E-02     35  9.0E-03  4.1E-01  1.8833294E+00    1824            7 7.0E+01 2.3E+01 _
    321    18      4 1.5E-02     38  8.9E-03  4.6E-01  1.8563822E+00    1617            8 2.2E+02 2.3E+01 _
    327    19      6 1.4E-02     41  8.8E-03  4.9E-01  1.8318243E+00    1617           11 3.8E+02 2.3E+01 _

   Itns Major Minors    Step   nCon Feasible  Optimal  MeritFunction     L+U BSwap     nS  condHz Penalty
    330    20      3 1.5E-02     45  8.7E-03  4.8E-01  1.8067976E+00    1617           11 3.7E+02 2.3E+01 _ M
    333    21      3 1.6E-02     49  8.6E-03  4.8E-01  1.7810172E+00    1654            9 3.8E+02 2.3E+01 _ M
    336    22      3 1.7E-02     53  8.4E-03  4.8E-01  1.7538814E+00    1407     7      9 8.6E+02 2.3E+01 _ M
    340    23      4 1.7E-02     57  8.2E-03  4.7E-01  1.7270549E+00    1413            8 1.4E+03 2.3E+01 _ M
    343    24      3 1.6E-02     61  8.0E-03  4.8E-01  1.7030077E+00    1436            8 3.5E+02 2.3E+01 _ M
    347    25      4 1.2E-02     65  7.8E-03  4.8E-01  1.6836783E+00    1477            7 1.3E+03 2.3E+01 _ M
    360    26     13 1.3E-02     69  7.7E-03  1.9E-01  1.6639748E+00    1655            7 1.0E+02 2.3E+01 _ MR
    369    27      9 3.8E-03     71  7.7E-03  5.0E-01  1.6576298E+00    1694           11 4.3E+06 2.3E+01 _s
    389    28     20 3.4E-02     75  9.5E-03  4.9E-01  1.6262777E+00    1780            7 1.5E+02 2.3E+01 _ m
    404    29     15 1.3E-02     79  9.7E-03  8.4E-02  1.6077144E+00    1681            2 1.9E+02 2.3E+01 _ m
    414    30     10 1.1E-02     82  9.7E-03  3.6E-01  1.5910432E+00    1797            1 4.8E+00 2.3E+01 _
    417    31      3 9.6E-03     86  9.8E-03  3.2E-01  1.5768762E+00    1718     1                2.3E+01 _ M
    424    32      7 9.4E-03     90  9.8E-03  2.9E-01  1.5631195E+00    1746            3 3.0E+01 2.3E+01 _ m
    438    33     14 1.1E-02     94  9.9E-03  2.7E-01  1.5478945E+00    1735            2 3.0E+00 2.3E+01 _ M
    443    34      5 9.5E-03     98  9.9E-03  4.1E-01  1.5348331E+00    1798     2      3 1.1E+08 2.3E+01 _ m
    448    35      5 9.7E-03    102  1.0E-02  6.7E-02  1.5215508E+00    1715            2 4.6E+04 2.3E+01 _ m
    456    36      8 1.0E-02    106  1.0E-02  1.9E-01  1.5091889E+00    1704            2 4.7E+01 2.3E+01 _ m
    461    37      5 1.0E-02    110  1.0E-02  3.0E-01  1.4963930E+00    1741            6 7.2E+07 2.3E+01 _ MR
    469    38      8 1.2E-02    114  1.0E-02  6.9E-02  1.4809997E+00    1754     3      1 1.1E+01 2.3E+01 _sM
    476    39      7 1.1E-02    118  1.0E-02  3.2E-01  1.4680131E+00    1659            2 1.0E+01 2.3E+01 _ M

   Itns Major Minors    Step   nCon Feasible  Optimal  MeritFunction     L+U BSwap     nS  condHz Penalty
    484    40      8 1.0E-02    122  1.0E-02  2.0E-01  1.4548830E+00    1753            3 1.3E+06 2.3E+01 _ M
    489    41      5 1.0E-02    126  1.0E-02  6.4E-02  1.4421742E+00    1711            1 8.2E+00 2.3E+01 _ M
    490    42      1 1.0E-02    130  1.0E-02  6.2E-02  1.4308659E+00    1732            1 8.1E+00 2.3E+01 _ M
    492    43      2 1.0E-02    134  1.0E-02  6.1E-02  1.4197601E+00    1732            2 4.3E+01 2.3E+01 _ M
    493    44      1 1.1E-02    138  1.0E-02  5.9E-02  1.4088260E+00    1732            2 3.1E+01 2.3E+01 _ M
    496    45      3 1.1E-02    142  1.0E-02  5.6E-02  1.3978064E+00    1771            2 1.2E+07 2.3E+01 _ M
    500    46      4 1.2E-02    146  1.0E-02  5.2E-02  1.3866064E+00    1731            3 4.8E+06 2.3E+01 _ M
    503    47      3 1.2E-02    150  1.0E-02  4.9E-02  1.3753669E+00    1639     2      3 2.1E+01 2.3E+01 _ M
    505    48      2 1.2E-02    154  1.0E-02  4.7E-02  1.3641723E+00    1639            4 2.4E+01 2.3E+01 _ MR
    507    49      2 1.3E-02    158  1.0E-02  4.7E-02  1.3530827E+00    1639            3 3.5E+01 2.3E+01 _sM
    509    50      2 1.3E-02    162  1.0E-02  4.5E-02  1.3421439E+00    1663            2 1.9E+01 2.3E+01 _ M
    511    51      2 1.4E-02    166  1.0E-02  4.4E-02  1.3314408E+00    1658            3 1.7E+01 2.3E+01 _ M
    512    52      1 1.4E-02    170  1.0E-02  4.3E-02  1.3208770E+00    1658            3 1.6E+01 2.3E+01 _ M
    514    53      2 1.5E-02    174  1.1E-02  4.2E-02  1.3103995E+00    1658            4 4.6E+01 2.3E+01 _ M
    515    54      1 1.6E-02    178  1.1E-02  4.1E-02  1.2998481E+00    1658            4 3.3E+01 2.3E+01 _ M
    517    55      2 1.7E-02    181  1.1E-02  4.6E-02  1.2893427E+00    1658            3 1.1E+01 2.3E+01 _
    518    56      1 1.8E-02    184  1.1E-02  4.7E-02  1.2792072E+00    1601     2      3 2.3E+00 2.3E+01 _
    519    57      1 1.9E-02    187  1.1E-02  4.7E-02  1.2691205E+00    1601            3 3.3E+00 2.3E+01 _
    523    58      4 2.0E-02    190  1.1E-02  4.5E-02  1.2591080E+00    1601            4 1.7E+02 2.3E+01 _
    538    59     15 2.0E-02    193  1.1E-02  1.4E-01  1.2492308E+00    1637           15 2.2E+07 2.3E+01 _  R

   Itns Major Minors    Step   nCon Feasible  Optimal  MeritFunction     L+U BSwap     nS  condHz Penalty
    543    60      5 4.2E-02    195  1.0E-02  4.0E-02  1.2354145E+00    1601           11 3.1E+07 2.3E+01 _s
    546    61      3 3.5E-03    197  1.0E-02  4.2E-02  1.2328443E+00    1601           11 3.5E+07 2.3E+01 _
    549    62      3 2.6E-02    200  1.0E-02  4.0E-02  1.2216744E+00    1601           11 2.1E+06 2.3E+01 _
    553    63      4 2.5E-03    202  1.0E-02  4.2E-02  1.2195934E+00    1638            9 3.0E+01 2.3E+01 _
    560    64      7 2.5E-03    204  1.0E-02  4.2E-02  1.2174491E+00    1601            8 1.0E+07 2.3E+01 _
    567    65      7 2.4E-03    206  1.0E-02  4.1E-02  1.2153333E+00    1511     5      9 1.1E+07 2.3E+01 _
    569    66      2 2.6E-03    208  1.0E-02  4.1E-02  1.2130959E+00    1519            9 1.1E+07 2.3E+01 _
    571    67      2 2.4E-03    210  1.0E-02  4.1E-02  1.2110319E+00    1519           10 5.7E+07 2.3E+01 _
    573    68      2 3.0E-03    212  1.0E-02  4.1E-02  1.2084915E+00    1557            9 3.4E+03 2.3E+01 _
    576    69      3 3.0E-03    214  1.0E-02  4.1E-02  1.2059809E+00    1519           11 2.7E+06 2.3E+01 _
    588    70     12 3.1E-03    216  1.0E-02  1.1E-01  1.2034122E+00    1591           16 4.4E+05 2.3E+01 _  R
    595    71      7 1.6E-01    219  2.1E-02  3.6E-02  1.1607439E+00    1597           14 1.2E+04 2.3E+01 _s
    599    72      4 4.7E-02    221  2.1E-02  3.6E-02  1.1484650E+00    1588           15 9.6E+06 2.3E+01 _
    600    73      1 3.7E-02    224  2.1E-02  3.5E-02  1.1369479E+00    1615           15 1.1E+07 2.3E+01 _
    601    74      1 2.8E-02    226  2.1E-02  3.4E-02  1.1251373E+00    1490     3     15 2.0E+03 2.3E+01 _
    606    75      5 4.8E-02    229  2.0E-02  3.1E-02  1.1107316E+00    1536           11 2.6E+03 2.3E+01 _
    617    76     11 6.3E-02    232  2.0E-02  3.0E-02  1.0918151E+00    1624           12 9.9E+05 2.3E+01 _
    620    77      3 3.2E-02    234  2.0E-02  2.8E-02  1.0791673E+00    1546           13 1.6E+06 2.3E+01 _
    622    78      2 5.0E-02    237  1.9E-02  2.3E-02  1.0671163E+00    1546           14 3.1E+07 2.3E+01 _
    628    79      6 9.2E-02    240  1.9E-02  2.2E-02  1.0438580E+00    1610           13 1.2E+07 2.3E+01 _

   Itns Major Minors    Step   nCon Feasible  Optimal  MeritFunction     L+U BSwap     nS  condHz Penalty
    631    80      3 4.2E-02    243  1.8E-02  2.2E-02  1.0332279E+00    1615           13 1.7E+07 2.3E+01 _
    639    81      8 5.9E-02    246  1.8E-02  2.9E-02  1.0211074E+00    1615           17 2.7E+08 2.3E+01 _  R
    642    82      3 1.9E-01    249  1.8E-02  1.8E-02  9.8531250E-01    1615           17 3.1E+08 2.3E+01 _s
    646    83      4 1.1E-01    252  1.7E-02  1.8E-02  9.6733293E-01    1548     2     16 1.8E+02 2.3E+01 _
    648    84      2 4.5E-02    254  1.7E-02  1.7E-02  9.6013972E-01    1548           16 1.8E+02 2.3E+01 _
    652    85      4 5.0E-02    256  1.6E-02  1.7E-02  9.5170830E-01    1548           16 7.2E+02 2.3E+01 _
    656    86      4 4.0E-02    258  1.6E-02  1.6E-02  9.4478533E-01    1548           17 1.4E+03 2.3E+01 _
    658    87      2 7.7E-02    261  1.5E-02  1.4E-02  9.3366713E-01    1548           18 1.4E+03 2.3E+01 _
    660    88      2 9.9E-02    264  1.3E-02  1.2E-02  9.2147270E-01    1548           17 1.4E+03 2.3E+01 _
    663    89      3 4.1E-01    266  3.6E-02  2.8E-03  8.8107719E-01    1548           19 1.7E+03 2.3E+01 _
    665    90      2 5.4E-01    268  1.9E-02  1.0E-03  8.4507125E-01    1548           18 1.8E+03 2.3E+01 _
    667    91      2 3.1E-01    270  1.3E-02  1.1E-03  8.4212293E-01    1548           19 1.7E+03 2.3E+01 _
    668    92      1 1.0E+00    271  6.5E-04  5.4E-04  8.1654579E-01    1633     4     19 1.6E+02 2.3E+01 _  R
    669    93      1 1.0E+00    272  2.9E-04  3.8E-04  8.1647906E-01    1633           19 1.4E+02 2.3E+01 _s
    670    94      1 1.0E+00    273  2.1E-05  2.5E-04  8.1647284E-01    1633           19 8.9E+01 2.3E+01 _
    671    95      1 1.0E+00    274  1.2E-05  5.4E-05  8.1647050E-01    1633           19 8.6E+01 2.3E+01 _
    672    96      1 1.0E+00    275  4.4E-06  3.3E-05  8.1647008E-01    1633           19 8.9E+01 2.3E+01 _
    673    97      1 1.0E+00    276 (1.7E-06) 1.8E-05  8.1646993E-01    1633           19 7.7E+01 2.3E+01 _
    674    98      1 1.0E+00    277  2.1E-06  8.0E-06  8.1646990E-01    1633           19 6.4E+01 2.3E+01 _
    675    99      1 1.0E+00    278 (6.1E-08) 1.9E-06  8.1646990E-01    1633           19 6.2E+01 2.3E+01 _

   Itns Major Minors    Step   nCon Feasible  Optimal  MeritFunction     L+U BSwap     nS  condHz Penalty
    676   100      1 1.0E+00    279 (1.2E-09)(1.0E-06) 8.1646990E-01    1633           19 6.0E+01 2.3E+01 _
1
 
 SNOPTA EXIT   0 -- finished successfully
 SNOPTA INFO   1 -- optimality conditions satisfied

 Problem name
 No. of iterations                 676   Objective value      8.1646989607E-01
 No. of major iterations           100   Linear objective     0.0000000000E+00
 Penalty parameter           2.259E+01   Nonlinear objective  8.1646989607E-01
 No. of calls to funobj            279   No. of calls to funcon            279
 No. of superbasics                 19   No. of basic nonlinears            60
 No. of degenerate steps             0   Percentage                        .00
 Max x                      63 6.3E+00   Max pi                     62 1.0E+00
 Max Primal infeas           0 0.0E+00   Max Dual infeas            69 2.0E-06
 Nonlinear constraint violn    1.6E-08
1
 
 Name                                    Objective Value      8.1646989607E-01

 Status         Optimal Soln             Iteration    676    Superbasics    19

 Objective               (Min)
 RHS
 Ranges
 Bounds

 Section 1 - Rows

  Number  ...Row.. State  ...Activity...  Slack Activity  ..Lower Limit.  ..Upper Limit.  .Dual Activity    ..i
 
      86  r      1    BS          .               .                None            None         -1.0          1
      87  r      2    EQ          .               .               .               .              -.00074      2
      88  r      3    EQ          .               .               .               .              -.00453      3
      89  r      4    EQ          .00000          .00000          .               .              -.00803      4
      90  r      5    EQ          .00000          .00000          .               .              -.01134      5
      91  r      6    EQ          .00000          .00000          .               .              -.01437      6
      92  r      7    EQ          .00000          .00000          .               .              -.01704      7
      93  r      8    EQ          .00000          .00000          .               .              -.01930      8
      94  r      9    EQ          .00000          .00000          .               .              -.02108      9
      95  r     10    EQ          .00000          .00000          .               .              -.02234     10
      96  r     11    EQ          .00000          .00000          .               .              -.02305     11
      97  r     12    EQ          .00000          .00000          .               .              -.02319     12
      98  r     13    EQ          .00000          .00000          .               .              -.02276     13
      99  r     14    EQ          .00000          .00000          .               .              -.02177     14
     100  r     15    EQ          .00000          .00000          .               .              -.02025     15
     101  r     16    EQ          .00000          .00000          .               .              -.01823     16
     102  r     17    EQ          .00000          .00000          .               .              -.01575     17
     103  r     18    EQ          .00000          .00000          .               .              -.01289     18
     104  r     19    EQ          .00000          .00000          .               .              -.00972     19
     105  r     20    EQ          .00000          .00000          .               .              -.00630     20
     106  r     21    EQ          .00000          .00000          .               .              -.00273     21
     107  r     22    EQ          .               .               .               .               .00028     22
     108  r     23    EQ          .00000          .00000          .               .               .00173     23
     109  r     24    EQ          .00000          .00000          .               .               .00307     24
     110  r     25    EQ          .00000          .00000          .               .               .00433     25
     111  r     26    EQ          .00000          .00000          .               .               .00549     26
     112  r     27    EQ          .00000          .00000          .               .               .00651     27
     113  r     28    EQ          .00000          .00000          .               .               .00737     28
     114  r     29    EQ          .00000          .00000          .               .               .00805     29
     115  r     30    EQ          .00000          .00000          .               .               .00853     30
     116  r     31    EQ          .00000          .00000          .               .               .00880     31
     117  r     32    EQ          .00000          .00000          .               .               .00886     32
     118  r     33    EQ          .00000          .00000          .               .               .00869     33
     119  r     34    EQ          .00000          .00000          .               .               .00832     34
     120  r     35    EQ          .00000          .00000          .               .               .00773     35
     121  r     36    EQ          .00000          .00000          .               .               .00696     36
     122  r     37    EQ          .00000          .00000          .               .               .00602     37
     123  r     38    EQ          .00000          .00000          .               .               .00492     38
     124  r     39    EQ          .00000          .00000          .               .               .00371     39
     125  r     40    EQ          .00000          .00000          .               .               .00241     40
     126  r     41    EQ          .00000          .00000          .               .               .00104     41
     127  r     42    EQ          .00000          .00000          .               .              -.00050     42
     128  r     43    EQ          .00000          .00000          .               .              -.00305     43
     129  r     44    EQ          .00000          .00000          .               .              -.00536     44
     130  r     45    EQ          .00000          .00000          .               .              -.00743     45
     131  r     46    EQ          .00000          .00000          .               .              -.00917     46
     132  r     47    EQ          .00000          .00000          .               .              -.01048     47
     133  r     48    EQ          .00000          .00000          .               .              -.01128     48
     134  r     49    EQ          .00000          .00000          .               .              -.01153     49
     135  r     50    EQ          .00000          .00000          .               .              -.01124     50
     136  r     51    EQ          .00000          .00000          .               .              -.01043     51
     137  r     52    EQ          .00000          .00000          .               .              -.00921     52
     138  r     53    EQ          .00000          .00000          .               .              -.00770     53
     139  r     54    EQ          .00000          .00000          .               .              -.00607     54
     140  r     55    EQ          .00000          .00000          .               .              -.00446     55
     141  r     56    EQ          .00000          .00000          .               .              -.00301     56
     142  r     57    EQ          .00000          .00000          .               .              -.00182     57
     143  r     58    EQ          .00000          .00000          .               .              -.00095     58
     144  r     59    EQ          .00000          .00000          .               .              -.00039     59
     145  r     60    EQ          .00000          .00000          .               .              -.00010     60
     146  r     61    EQ          .00000          .00000          .               .              -.00001     61
     147  r     62    BS          .81647          .81647          .                None           .          62
1
 
 Section 2 - Columns

  Number  .Column. State  ...Activity...  .Obj Gradient.  ..Lower Limit.  ..Upper Limit.  Reduced Gradnt    m+j
 
       1  x      1    EQ          .               .               .               .              -.14771     63
       2  x      2    BS          .00000          .            -50.00000        50.00000          .00000     64
       3  x      3    BS          .00008          .            -50.00000        50.00000          .00000     65
       4  x      4    BS          .00068          .            -50.00000        50.00000          .00000     66
       5  x      5    BS          .00326          .            -50.00000        50.00000          .00000     67
       6  x      6    BS          .01093          .            -50.00000        50.00000          .00000     68
       7  x      7    BS          .02883          .            -50.00000        50.00000          .00000     69
       8  x      8    BS          .06397          .            -50.00000        50.00000          .00000     70
       9  x      9    BS          .12428          .            -50.00000        50.00000          .00000     71
      10  x     10    BS          .21704          .            -50.00000        50.00000          .00000     72
      11  x     11    BS          .34696          .            -50.00000        50.00000          .00000     73
      12  x     12    BS          .51455          .            -50.00000        50.00000          .00000     74
      13  x     13    BS          .71517          .            -50.00000        50.00000          .00000     75
      14  x     14    BS          .93922          .            -50.00000        50.00000          .00000     76
      15  x     15    BS         1.17327          .            -50.00000        50.00000          .00000     77
      16  x     16    BS         1.40189          .            -50.00000        50.00000          .00000     78
      17  x     17    BS         1.60961          .            -50.00000        50.00000          .00000     79
      18  x     18    BS         1.78253          .            -50.00000        50.00000          .00000     80
      19  x     19    BS         1.90948          .            -50.00000        50.00000          .00000     81
      20  x     20    BS         1.98261          .            -50.00000        50.00000          .00000     82
      21  x     21    EQ         2.00000          .              2.00000         2.00000          .14771     83
      22  x     22    EQ          .               .               .               .               .05641     84
      23  x     23    BS         -.00028          .            -50.00000          .               .00000     85
      24  x     24    BS         -.00309          .            -50.00000          .               .00000     86
      25  x     25    BS         -.01333          .            -50.00000          .               .00000     87
      26  x     26    BS         -.03788          .            -50.00000          .               .00000     88
      27  x     27    BS         -.08446          .            -50.00000          .               .00000     89
      28  x     28    BS         -.16012          .            -50.00000          .               .00000     90
      29  x     29    BS         -.26959          .            -50.00000          .               .00000     91
      30  x     30    BS         -.41382          .            -50.00000          .               .00000     92
      31  x     31    BS         -.58913          .            -50.00000          .               .00000     93
      32  x     32    BS         -.78737          .            -50.00000          .               .00000     94
      33  x     33    BS         -.99708          .            -50.00000          .               .00000     95
      34  x     34    BS        -1.20540          .            -50.00000          .               .00000     96
      35  x     35    BS        -1.40027          .            -50.00000          .               .00000     97
      36  x     36    BS        -1.57226          .            -50.00000          .               .00000     98
      37  x     37    BS        -1.71551          .            -50.00000          .               .00000     99
      38  x     38    BS        -1.82785          .            -50.00000          .               .00000    100
      39  x     39    BS        -1.90998          .            -50.00000          .               .00000    101
      40  x     40    BS        -1.96425          .            -50.00000          .               .00000    102
      41  x     41    BS        -1.99331          .            -50.00000          .               .00000    103
      42  x     42    EQ        -2.00000          .             -2.00000        -2.00000         -.05641    104
      43  x     43    EQ          .               .               .               .              -.10000    105
      44  x     44    BS          .07469          .            -50.00000        50.00000          .00000    106
      45  x     45    BS          .24854          .            -50.00000        50.00000          .00000    107
      46  x     46    BS          .51636          .            -50.00000        50.00000          .00000    108
      47  x     47    BS          .87045          .            -50.00000        50.00000          .00000    109
      48  x     48    BS         1.29972          .            -50.00000        50.00000          .00000    110
      49  x     49    BS         1.78954          .            -50.00000        50.00000          .00000    111
      50  x     50    BS         2.32203          .            -50.00000        50.00000          .00000    112
      51  x     51    BS         2.87686          .            -50.00000        50.00000          .00000    113
      52  x     52    BS         3.43257          .            -50.00000        50.00000          .00000    114
      53  x     53    BS         3.96831          .            -50.00000        50.00000          .00000    115
      54  x     54    BS         4.46560          .            -50.00000        50.00000          .00000    116
      55  x     55    BS         4.90999          .            -50.00000        50.00000          .00000    117
      56  x     56    BS         5.29202          .            -50.00000        50.00000          .00000    118
      57  x     57    BS         5.60759          .            -50.00000        50.00000          .00000    119
      58  x     58    BS         5.85749          .            -50.00000        50.00000          .00000    120
      59  x     59    BS         6.04624          .            -50.00000        50.00000          .00000    121
      60  x     60    BS         6.18058          .            -50.00000        50.00000          .00000    122
      61  x     61    BS         6.26777          .            -50.00000        50.00000          .00000    123
      62  x     62    BS         6.31398          .            -50.00000        50.00000          .00000    124
      63  x     63    BS         6.32456          .            -50.00000        50.00000          .00000    125
      64  x     64   SBS         -.00003          .             -1.57080         1.57080          .00000    126
      65  x     65   SBS          .01103          .             -1.57080         1.57080          .00000    127
      66  x     66   SBS          .03672          .             -1.57080         1.57080          .00000    128
      67  x     67   SBS          .07635          .             -1.57080         1.57080          .00000    129
      68  x     68   SBS          .12893          .             -1.57080         1.57080          .00000    130
      69  x     69 N SBS          .19314          .             -1.57080         1.57080          .00000    131
      70  x     70   SBS          .26750          .             -1.57080         1.57080          .00000    132
      71  x     71   SBS          .35010          .             -1.57080         1.57080          .00000    133
      72  x     72   SBS          .43890          .             -1.57080         1.57080          .00000    134
      73  x     73   SBS          .53171          .             -1.57080         1.57080          .00000    135
      74  x     74   SBS          .62631          .             -1.57080         1.57080          .00000    136
      75  x     75   SBS          .72030          .             -1.57080         1.57080          .00000    137
      76  x     76   SBS          .81140          .             -1.57080         1.57080          .00000    138
      77  x     77    BS          .89736          .             -1.57080         1.57080          .00000    139
      78  x     78   SBS          .97606          .             -1.57080         1.57080          .00000    140
      79  x     79   SBS         1.04556          .             -1.57080         1.57080          .00000    141
      80  x     80   SBS         1.10419          .             -1.57080         1.57080          .00000    142
      81  x     81   SBS         1.15041          .             -1.57080         1.57080          .00000    143
      82  x     82   SBS         1.18317          .             -1.57080         1.57080          .00000    144
      83  x     83   SBS         1.20165          .             -1.57080         1.57080          .00000    145
      84  x     84    EQ          .               .               .               .              1.00000    146
      85  x     85    BS          .81647         1.00000          .            100.00000          .00000    147
 
 Time for MPS input                              .00 seconds
 Time for solving problem                       1.36 seconds
 Time for solution output                        .00 seconds
 Time for constraint functions                  1.40 seconds
 Time for objective function                     .00 seconds
